{"/home/travis/build/npmtest/node-npmtest-telegram-bot-api/test.js":{"path":"/home/travis/build/npmtest/node-npmtest-telegram-bot-api/test.js","s":{"1":2,"2":2,"3":2,"4":2,"5":2,"6":2,"7":2,"8":1,"9":2,"10":2,"11":1,"12":1,"13":1,"14":1,"15":2,"16":2,"17":2,"18":2,"19":1,"20":1,"21":2,"22":2,"23":2,"24":1,"25":1,"26":1,"27":1,"28":1,"29":1,"30":1,"31":1,"32":1,"33":1,"34":1,"35":1,"36":1,"37":1,"38":1,"39":2,"40":2,"41":1,"42":2,"43":2,"44":1,"45":2,"46":2,"47":1,"48":2,"49":2,"50":1,"51":1,"52":1,"53":1,"54":1},"b":{"1":[2,1,1,1],"2":[1,1,1,1],"3":[1,1],"4":[1,1],"5":[1,1],"6":[1,1],"7":[1,1],"8":[1,1],"9":[1,1],"10":[1,1,1],"11":[1,1],"12":[1,1],"13":[1,1],"14":[1,1],"15":[1,1],"16":[1,1],"17":[1,1]},"f":{"1":2,"2":2,"3":2,"4":2,"5":2,"6":1,"7":1,"8":1,"9":2,"10":2,"11":2,"12":2,"13":1},"fnMap":{"1":{"name":"(anonymous_1)","line":12,"loc":{"start":{"line":12,"column":1},"end":{"line":12,"column":13}}},"2":{"name":"(anonymous_2)","line":19,"loc":{"start":{"line":19,"column":5},"end":{"line":19,"column":17}}},"3":{"name":"(anonymous_3)","line":23,"loc":{"start":{"line":23,"column":24},"end":{"line":23,"column":36}}},"4":{"name":"(anonymous_4)","line":61,"loc":{"start":{"line":61,"column":5},"end":{"line":61,"column":17}}},"5":{"name":"(anonymous_5)","line":82,"loc":{"start":{"line":82,"column":5},"end":{"line":82,"column":17}}},"6":{"name":"(anonymous_6)","line":91,"loc":{"start":{"line":91,"column":77},"end":{"line":94,"column":10}}},"7":{"name":"(anonymous_7)","line":112,"loc":{"start":{"line":112,"column":83},"end":{"line":115,"column":10}},"skip":true},"8":{"name":"(anonymous_8)","line":123,"loc":{"start":{"line":123,"column":77},"end":{"line":126,"column":10}},"skip":true},"9":{"name":"(anonymous_9)","line":139,"loc":{"start":{"line":139,"column":12},"end":{"line":139,"column":40}},"skip":true},"10":{"name":"(anonymous_10)","line":147,"loc":{"start":{"line":147,"column":77},"end":{"line":150,"column":10}},"skip":true},"11":{"name":"(anonymous_11)","line":158,"loc":{"start":{"line":158,"column":83},"end":{"line":161,"column":10}},"skip":true},"12":{"name":"(anonymous_12)","line":169,"loc":{"start":{"line":169,"column":79},"end":{"line":172,"column":10}},"skip":true},"13":{"name":"(anonymous_13)","line":180,"loc":{"start":{"line":180,"column":75},"end":{"line":183,"column":10}},"skip":true}},"statementMap":{"1":{"start":{"line":12,"column":0},"end":{"line":195,"column":5}},"2":{"start":{"line":14,"column":4},"end":{"line":14,"column":14}},"3":{"start":{"line":19,"column":4},"end":{"line":56,"column":9}},"4":{"start":{"line":21,"column":8},"end":{"line":21,"column":19}},"5":{"start":{"line":23,"column":8},"end":{"line":35,"column":13}},"6":{"start":{"line":24,"column":12},"end":{"line":34,"column":13}},"7":{"start":{"line":25,"column":16},"end":{"line":28,"column":30}},"8":{"start":{"line":30,"column":16},"end":{"line":33,"column":27}},"9":{"start":{"line":37,"column":8},"end":{"line":39,"column":21}},"10":{"start":{"line":40,"column":8},"end":{"line":53,"column":9}},"11":{"start":{"line":43,"column":12},"end":{"line":46,"column":14}},"12":{"start":{"line":47,"column":12},"end":{"line":47,"column":18}},"13":{"start":{"line":50,"column":12},"end":{"line":51,"column":33}},"14":{"start":{"line":52,"column":12},"end":{"line":52,"column":18}},"15":{"start":{"line":55,"column":8},"end":{"line":55,"column":35}},"16":{"start":{"line":61,"column":4},"end":{"line":63,"column":9}},"17":{"start":{"line":62,"column":8},"end":{"line":62,"column":15}},"18":{"start":{"line":64,"column":4},"end":{"line":77,"column":5}},"19":{"start":{"line":70,"column":8},"end":{"line":70,"column":14}},"20":{"start":{"line":76,"column":8},"end":{"line":76,"column":14}},"21":{"start":{"line":82,"column":4},"end":{"line":84,"column":9}},"22":{"start":{"line":83,"column":8},"end":{"line":83,"column":15}},"23":{"start":{"line":85,"column":4},"end":{"line":194,"column":5}},"24":{"start":{"line":91,"column":8},"end":{"line":99,"column":10}},"25":{"start":{"line":98,"column":12},"end":{"line":98,"column":35}},"26":{"start":{"line":102,"column":8},"end":{"line":104,"column":63}},"27":{"start":{"line":105,"column":8},"end":{"line":105,"column":14}},"28":{"start":{"line":112,"column":8},"end":{"line":121,"column":10},"skip":true},"29":{"start":{"line":119,"column":12},"end":{"line":119,"column":55},"skip":true},"30":{"start":{"line":120,"column":12},"end":{"line":120,"column":48},"skip":true},"31":{"start":{"line":123,"column":8},"end":{"line":136,"column":10},"skip":true},"32":{"start":{"line":130,"column":12},"end":{"line":130,"column":76},"skip":true},"33":{"start":{"line":131,"column":12},"end":{"line":131,"column":73},"skip":true},"34":{"start":{"line":132,"column":12},"end":{"line":132,"column":74},"skip":true},"35":{"start":{"line":133,"column":12},"end":{"line":133,"column":79},"skip":true},"36":{"start":{"line":134,"column":12},"end":{"line":134,"column":25},"skip":true},"37":{"start":{"line":135,"column":12},"end":{"line":135,"column":45},"skip":true},"38":{"start":{"line":138,"column":8},"end":{"line":145,"column":14},"skip":true},"39":{"start":{"line":143,"column":16},"end":{"line":143,"column":29},"skip":true},"40":{"start":{"line":144,"column":16},"end":{"line":144,"column":55},"skip":true},"41":{"start":{"line":147,"column":8},"end":{"line":156,"column":10},"skip":true},"42":{"start":{"line":154,"column":12},"end":{"line":154,"column":25},"skip":true},"43":{"start":{"line":155,"column":12},"end":{"line":155,"column":45},"skip":true},"44":{"start":{"line":158,"column":8},"end":{"line":167,"column":10},"skip":true},"45":{"start":{"line":165,"column":12},"end":{"line":165,"column":25},"skip":true},"46":{"start":{"line":166,"column":12},"end":{"line":166,"column":48},"skip":true},"47":{"start":{"line":169,"column":8},"end":{"line":178,"column":10},"skip":true},"48":{"start":{"line":176,"column":12},"end":{"line":176,"column":25},"skip":true},"49":{"start":{"line":177,"column":12},"end":{"line":177,"column":46},"skip":true},"50":{"start":{"line":180,"column":8},"end":{"line":189,"column":10},"skip":true},"51":{"start":{"line":187,"column":12},"end":{"line":187,"column":94},"skip":true},"52":{"start":{"line":188,"column":12},"end":{"line":188,"column":48},"skip":true},"53":{"start":{"line":192,"column":8},"end":{"line":192,"column":35},"skip":true},"54":{"start":{"line":193,"column":8},"end":{"line":193,"column":14},"skip":true}},"branchMap":{"1":{"line":25,"type":"binary-expr","locations":[{"start":{"line":25,"column":23},"end":{"line":25,"column":62}},{"start":{"line":26,"column":20},"end":{"line":26,"column":70}},{"start":{"line":27,"column":20},"end":{"line":27,"column":71}},{"start":{"line":28,"column":20},"end":{"line":28,"column":29}}]},"2":{"line":30,"type":"binary-expr","locations":[{"start":{"line":30,"column":23},"end":{"line":30,"column":37}},{"start":{"line":31,"column":20},"end":{"line":31,"column":61}},{"start":{"line":32,"column":20},"end":{"line":32,"column":70}},{"start":{"line":33,"column":20},"end":{"line":33,"column":26}}]},"3":{"line":37,"type":"cond-expr","locations":[{"start":{"line":38,"column":14},"end":{"line":38,"column":20}},{"start":{"line":39,"column":14},"end":{"line":39,"column":20}}]},"4":{"line":40,"type":"switch","locations":[{"start":{"line":42,"column":8},"end":{"line":47,"column":18}},{"start":{"line":49,"column":8},"end":{"line":52,"column":18}}]},"5":{"line":44,"type":"binary-expr","locations":[{"start":{"line":44,"column":16},"end":{"line":44,"column":44}},{"start":{"line":44,"column":48},"end":{"line":44,"column":66}}]},"6":{"line":50,"type":"binary-expr","locations":[{"start":{"line":50,"column":21},"end":{"line":50,"column":49}},{"start":{"line":50,"column":53},"end":{"line":50,"column":72}}]},"7":{"line":64,"type":"switch","locations":[{"start":{"line":69,"column":4},"end":{"line":70,"column":14}},{"start":{"line":75,"column":4},"end":{"line":76,"column":14}}]},"8":{"line":85,"type":"switch","locations":[{"start":{"line":90,"column":4},"end":{"line":105,"column":14}},{"start":{"line":111,"column":4},"end":{"line":193,"column":14},"skip":true}]},"9":{"line":91,"type":"binary-expr","locations":[{"start":{"line":91,"column":42},"end":{"line":91,"column":73}},{"start":{"line":91,"column":77},"end":{"line":99,"column":9}}]},"10":{"line":102,"type":"binary-expr","locations":[{"start":{"line":102,"column":18},"end":{"line":102,"column":32}},{"start":{"line":103,"column":12},"end":{"line":103,"column":53}},{"start":{"line":104,"column":12},"end":{"line":104,"column":61}}]},"11":{"line":112,"type":"binary-expr","locations":[{"start":{"line":112,"column":45},"end":{"line":112,"column":79},"skip":true},{"start":{"line":112,"column":83},"end":{"line":121,"column":9},"skip":true}]},"12":{"line":123,"type":"binary-expr","locations":[{"start":{"line":123,"column":42},"end":{"line":123,"column":73},"skip":true},{"start":{"line":123,"column":77},"end":{"line":136,"column":9},"skip":true}]},"13":{"line":138,"type":"binary-expr","locations":[{"start":{"line":138,"column":48},"end":{"line":138,"column":85},"skip":true},{"start":{"line":139,"column":12},"end":{"line":145,"column":13},"skip":true}]},"14":{"line":147,"type":"binary-expr","locations":[{"start":{"line":147,"column":42},"end":{"line":147,"column":73},"skip":true},{"start":{"line":147,"column":77},"end":{"line":156,"column":9},"skip":true}]},"15":{"line":158,"type":"binary-expr","locations":[{"start":{"line":158,"column":45},"end":{"line":158,"column":79},"skip":true},{"start":{"line":158,"column":83},"end":{"line":167,"column":9},"skip":true}]},"16":{"line":169,"type":"binary-expr","locations":[{"start":{"line":169,"column":43},"end":{"line":169,"column":75},"skip":true},{"start":{"line":169,"column":79},"end":{"line":178,"column":9},"skip":true}]},"17":{"line":180,"type":"binary-expr","locations":[{"start":{"line":180,"column":41},"end":{"line":180,"column":71},"skip":true},{"start":{"line":180,"column":75},"end":{"line":189,"column":9},"skip":true}]}},"code":["/* istanbul instrument in package npmtest_telegram_bot_api */","/*jslint","    bitwise: true,","    browser: true,","    maxerr: 8,","    maxlen: 96,","    node: true,","    nomen: true,","    regexp: true,","    stupid: true","*/","(function () {","    'use strict';","    var local;","","","","    // run shared js-env code - init-before","    (function () {","        // init local","        local = {};","        // init modeJs","        local.modeJs = (function () {","            try {","                return typeof navigator.userAgent === 'string' &&","                    typeof document.querySelector('body') === 'object' &&","                    typeof XMLHttpRequest.prototype.open === 'function' &&","                    'browser';","            } catch (errorCaughtBrowser) {","                return module.exports &&","                    typeof process.versions.node === 'string' &&","                    typeof require('http').createServer === 'function' &&","                    'node';","            }","        }());","        // init global","        local.global = local.modeJs === 'browser'","            ? window","            : global;","        switch (local.modeJs) {","        // re-init local from window.local","        case 'browser':","            local = local.global.utility2.objectSetDefault(","                local.global.utility2_rollup || local.global.local,","                local.global.utility2","            );","            break;","        // re-init local from example.js","        case 'node':","            local = (local.global.utility2_rollup || require('utility2'))","                .requireReadme();","            break;","        }","        // export local","        local.global.local = local;","    }());","","","","    // run shared js-env code - function","    (function () {","        return;","    }());","    switch (local.modeJs) {","","","","    // run browser js-env code - function","    case 'browser':","        break;","","","","    // run node js-env code - function","    case 'node':","        break;","    }","","","","    // run shared js-env code - init-after","    (function () {","        return;","    }());","    switch (local.modeJs) {","","","","    // run browser js-env code - init-after","    case 'browser':","        local.testCase_browser_nullCase = local.testCase_browser_nullCase || function (","            options,","            onError","        ) {","        /*","         * this function will test browsers's null-case handling-behavior-behavior","         */","            onError(null, options);","        };","","        // run tests","        local.nop(local.modeTest &&","            document.querySelector('#testRunButton1') &&","            document.querySelector('#testRunButton1').click());","        break;","","","","    // run node js-env code - init-after","    /* istanbul ignore next */","    case 'node':","        local.testCase_buildApidoc_default = local.testCase_buildApidoc_default || function (","            options,","            onError","        ) {","        /*","         * this function will test buildApidoc's default handling-behavior-behavior","         */","            options = { modulePathList: module.paths };","            local.buildApidoc(options, onError);","        };","","        local.testCase_buildApp_default = local.testCase_buildApp_default || function (","            options,","            onError","        ) {","        /*","         * this function will test buildApp's default handling-behavior-behavior","         */","            local.testCase_buildReadme_default(options, local.onErrorThrow);","            local.testCase_buildLib_default(options, local.onErrorThrow);","            local.testCase_buildTest_default(options, local.onErrorThrow);","            local.testCase_buildCustomOrg_default(options, local.onErrorThrow);","            options = [];","            local.buildApp(options, onError);","        };","","        local.testCase_buildCustomOrg_default = local.testCase_buildCustomOrg_default ||","            function (options, onError) {","            /*","             * this function will test buildCustomOrg's default handling-behavior","             */","                options = {};","                local.buildCustomOrg(options, onError);","            };","","        local.testCase_buildLib_default = local.testCase_buildLib_default || function (","            options,","            onError","        ) {","        /*","         * this function will test buildLib's default handling-behavior","         */","            options = {};","            local.buildLib(options, onError);","        };","","        local.testCase_buildReadme_default = local.testCase_buildReadme_default || function (","            options,","            onError","        ) {","        /*","         * this function will test buildReadme's default handling-behavior-behavior","         */","            options = {};","            local.buildReadme(options, onError);","        };","","        local.testCase_buildTest_default = local.testCase_buildTest_default || function (","            options,","            onError","        ) {","        /*","         * this function will test buildTest's default handling-behavior","         */","            options = {};","            local.buildTest(options, onError);","        };","","        local.testCase_webpage_default = local.testCase_webpage_default || function (","            options,","            onError","        ) {","        /*","         * this function will test webpage's default handling-behavior","         */","            options = { modeCoverageMerge: true, url: local.serverLocalHost + '?modeTest=1' };","            local.browserTest(options, onError);","        };","","        // run test-server","        local.testRunServer(local);","        break;","    }","}());",""],"l":{"12":2,"14":2,"19":2,"21":2,"23":2,"24":2,"25":2,"30":1,"37":2,"40":2,"43":1,"47":1,"50":1,"52":1,"55":2,"61":2,"62":2,"64":2,"70":1,"76":1,"82":2,"83":2,"85":2,"91":1,"98":1,"102":1,"105":1,"112":1,"119":1,"120":1,"123":1,"130":1,"131":1,"132":1,"133":1,"134":1,"135":1,"138":1,"143":2,"144":2,"147":1,"154":2,"155":2,"158":1,"165":2,"166":2,"169":1,"176":2,"177":2,"180":1,"187":1,"188":1,"192":1,"193":1}},"/home/travis/build/npmtest/node-npmtest-telegram-bot-api/lib.npmtest_telegram_bot_api.js":{"path":"/home/travis/build/npmtest/node-npmtest-telegram-bot-api/lib.npmtest_telegram_bot_api.js","s":{"1":2,"2":2,"3":2,"4":2,"5":2,"6":2,"7":2,"8":1,"9":2,"10":2,"11":2,"12":2,"13":1,"14":1,"15":1,"16":1},"b":{"1":[2,1,1,1],"2":[1,1,1,1],"3":[1,1],"4":[2,2],"5":[1,1]},"f":{"1":2,"2":2,"3":2},"fnMap":{"1":{"name":"(anonymous_1)","line":12,"loc":{"start":{"line":12,"column":1},"end":{"line":12,"column":13}}},"2":{"name":"(anonymous_2)","line":19,"loc":{"start":{"line":19,"column":5},"end":{"line":19,"column":17}}},"3":{"name":"(anonymous_3)","line":23,"loc":{"start":{"line":23,"column":24},"end":{"line":23,"column":36}}}},"statementMap":{"1":{"start":{"line":12,"column":0},"end":{"line":53,"column":5}},"2":{"start":{"line":14,"column":4},"end":{"line":14,"column":14}},"3":{"start":{"line":19,"column":4},"end":{"line":52,"column":9}},"4":{"start":{"line":21,"column":8},"end":{"line":21,"column":19}},"5":{"start":{"line":23,"column":8},"end":{"line":35,"column":13}},"6":{"start":{"line":24,"column":12},"end":{"line":34,"column":13}},"7":{"start":{"line":25,"column":16},"end":{"line":28,"column":30}},"8":{"start":{"line":30,"column":16},"end":{"line":33,"column":27}},"9":{"start":{"line":37,"column":8},"end":{"line":39,"column":21}},"10":{"start":{"line":41,"column":8},"end":{"line":41,"column":54}},"11":{"start":{"line":43,"column":8},"end":{"line":43,"column":61}},"12":{"start":{"line":45,"column":8},"end":{"line":51,"column":9}},"13":{"start":{"line":46,"column":12},"end":{"line":46,"column":67}},"14":{"start":{"line":48,"column":12},"end":{"line":48,"column":35}},"15":{"start":{"line":49,"column":12},"end":{"line":49,"column":49}},"16":{"start":{"line":50,"column":12},"end":{"line":50,"column":43}}},"branchMap":{"1":{"line":25,"type":"binary-expr","locations":[{"start":{"line":25,"column":23},"end":{"line":25,"column":62}},{"start":{"line":26,"column":20},"end":{"line":26,"column":70}},{"start":{"line":27,"column":20},"end":{"line":27,"column":71}},{"start":{"line":28,"column":20},"end":{"line":28,"column":29}}]},"2":{"line":30,"type":"binary-expr","locations":[{"start":{"line":30,"column":23},"end":{"line":30,"column":37}},{"start":{"line":31,"column":20},"end":{"line":31,"column":61}},{"start":{"line":32,"column":20},"end":{"line":32,"column":70}},{"start":{"line":33,"column":20},"end":{"line":33,"column":26}}]},"3":{"line":37,"type":"cond-expr","locations":[{"start":{"line":38,"column":14},"end":{"line":38,"column":20}},{"start":{"line":39,"column":14},"end":{"line":39,"column":20}}]},"4":{"line":41,"type":"binary-expr","locations":[{"start":{"line":41,"column":16},"end":{"line":41,"column":44}},{"start":{"line":41,"column":48},"end":{"line":41,"column":53}}]},"5":{"line":45,"type":"if","locations":[{"start":{"line":45,"column":8},"end":{"line":45,"column":8}},{"start":{"line":45,"column":8},"end":{"line":45,"column":8}}]}},"code":["/* istanbul instrument in package npmtest_telegram_bot_api */","/*jslint","    bitwise: true,","    browser: true,","    maxerr: 8,","    maxlen: 96,","    node: true,","    nomen: true,","    regexp: true,","    stupid: true","*/","(function () {","    'use strict';","    var local;","","","","    // run shared js-env code - init-before","    (function () {","        // init local","        local = {};","        // init modeJs","        local.modeJs = (function () {","            try {","                return typeof navigator.userAgent === 'string' &&","                    typeof document.querySelector('body') === 'object' &&","                    typeof XMLHttpRequest.prototype.open === 'function' &&","                    'browser';","            } catch (errorCaughtBrowser) {","                return module.exports &&","                    typeof process.versions.node === 'string' &&","                    typeof require('http').createServer === 'function' &&","                    'node';","            }","        }());","        // init global","        local.global = local.modeJs === 'browser'","            ? window","            : global;","        // init utility2_rollup","        local = local.global.utility2_rollup || local;","        // init lib","        local.local = local.npmtest_telegram_bot_api = local;","        // init exports","        if (local.modeJs === 'browser') {","            local.global.utility2_npmtest_telegram_bot_api = local;","        } else {","            module.exports = local;","            module.exports.__dirname = __dirname;","            module.exports.module = module;","        }","    }());","}());",""],"l":{"12":2,"14":2,"19":2,"21":2,"23":2,"24":2,"25":2,"30":1,"37":2,"41":2,"43":2,"45":2,"46":1,"48":1,"49":1,"50":1}},"/home/travis/build/npmtest/node-npmtest-telegram-bot-api/example.js":{"path":"/home/travis/build/npmtest/node-npmtest-telegram-bot-api/example.js","s":{"1":2,"2":2,"3":2,"4":2,"5":2,"6":2,"7":2,"8":1,"9":2,"10":2,"11":2,"12":2,"13":1,"14":2,"15":2,"16":2,"17":2,"18":2,"19":0,"20":2,"21":1,"22":1,"23":1,"24":1,"25":1,"26":0,"27":0,"28":1,"29":1,"30":2,"31":0,"32":0,"33":0,"34":1,"35":2,"36":2,"37":3,"38":3,"39":3,"40":3,"41":0,"42":3,"43":3,"44":3,"45":1,"46":3,"47":1,"48":1,"49":1,"50":1,"51":1,"52":1,"53":1,"54":1,"55":1,"56":1,"57":0,"58":1,"59":6,"60":6,"61":1,"62":2,"63":0,"64":2,"65":1,"66":1,"67":0,"68":0,"69":0,"70":0,"71":0,"72":0,"73":0,"74":0,"75":0,"76":0,"77":0,"78":0,"79":0,"80":0,"81":0,"82":0,"83":0},"b":{"1":[2,1,1,1],"2":[1,1,1,1],"3":[1,1],"4":[2,2],"5":[1,1],"6":[1,1],"7":[2,0],"8":[2,1,1,1,1,1],"9":[0,2,0],"10":[1,1],"11":[2,1,1],"12":[1,0],"13":[0,2],"14":[2,0,0,0,0,0,0],"15":[0,3],"16":[3,0],"17":[1,1],"18":[0,1],"19":[1,2,0,2],"20":[1,0],"21":[1,1],"22":[0,0],"23":[0,0],"24":[0,0],"25":[0,0],"26":[0,0],"27":[0,0],"28":[0,0]},"f":{"1":2,"2":2,"3":2,"4":2,"5":2,"6":2,"7":3,"8":3,"9":3,"10":1,"11":6,"12":0},"fnMap":{"1":{"name":"(anonymous_1)","line":26,"loc":{"start":{"line":26,"column":1},"end":{"line":26,"column":13}}},"2":{"name":"(anonymous_2)","line":33,"loc":{"start":{"line":33,"column":5},"end":{"line":33,"column":17}}},"3":{"name":"(anonymous_3)","line":37,"loc":{"start":{"line":37,"column":24},"end":{"line":37,"column":36}}},"4":{"name":"(anonymous_4)","line":69,"loc":{"start":{"line":69,"column":31},"end":{"line":69,"column":48}},"skip":true},"5":{"name":"(anonymous_5)","line":78,"loc":{"start":{"line":78,"column":26},"end":{"line":78,"column":45}},"skip":true},"6":{"name":"(anonymous_6)","line":123,"loc":{"start":{"line":123,"column":33},"end":{"line":123,"column":48}},"skip":true},"7":{"name":"(anonymous_7)","line":125,"loc":{"start":{"line":125,"column":27},"end":{"line":125,"column":39}},"skip":true},"8":{"name":"(anonymous_8)","line":133,"loc":{"start":{"line":133,"column":59},"end":{"line":133,"column":74}},"skip":true},"9":{"name":"(anonymous_9)","line":143,"loc":{"start":{"line":143,"column":45},"end":{"line":143,"column":62}},"skip":true},"10":{"name":"(anonymous_10)","line":144,"loc":{"start":{"line":144,"column":73},"end":{"line":144,"column":92}},"skip":true},"11":{"name":"(anonymous_11)","line":272,"loc":{"start":{"line":272,"column":51},"end":{"line":272,"column":77}},"skip":true},"12":{"name":"(anonymous_12)","line":315,"loc":{"start":{"line":315,"column":32},"end":{"line":315,"column":61}},"skip":true}},"statementMap":{"1":{"start":{"line":26,"column":0},"end":{"line":326,"column":5}},"2":{"start":{"line":28,"column":4},"end":{"line":28,"column":14}},"3":{"start":{"line":33,"column":4},"end":{"line":60,"column":9}},"4":{"start":{"line":35,"column":8},"end":{"line":35,"column":19}},"5":{"start":{"line":37,"column":8},"end":{"line":49,"column":13}},"6":{"start":{"line":38,"column":12},"end":{"line":48,"column":13}},"7":{"start":{"line":39,"column":16},"end":{"line":42,"column":30}},"8":{"start":{"line":44,"column":16},"end":{"line":47,"column":27}},"9":{"start":{"line":51,"column":8},"end":{"line":53,"column":21}},"10":{"start":{"line":55,"column":8},"end":{"line":57,"column":45}},"11":{"start":{"line":59,"column":8},"end":{"line":59,"column":35}},"12":{"start":{"line":61,"column":4},"end":{"line":325,"column":5}},"13":{"start":{"line":69,"column":8},"end":{"line":121,"column":10},"skip":true},"14":{"start":{"line":70,"column":12},"end":{"line":88,"column":13},"skip":true},"15":{"start":{"line":76,"column":16},"end":{"line":87,"column":19},"skip":true},"16":{"start":{"line":79,"column":20},"end":{"line":86,"column":21},"skip":true},"17":{"start":{"line":82,"column":24},"end":{"line":82,"column":43},"skip":true},"18":{"start":{"line":83,"column":24},"end":{"line":83,"column":30},"skip":true},"19":{"start":{"line":85,"column":24},"end":{"line":85,"column":49},"skip":true},"20":{"start":{"line":89,"column":12},"end":{"line":107,"column":13},"skip":true},"21":{"start":{"line":92,"column":16},"end":{"line":102,"column":17},"skip":true},"22":{"start":{"line":93,"column":20},"end":{"line":93,"column":86},"skip":true},"23":{"start":{"line":94,"column":20},"end":{"line":95,"column":45},"skip":true},"24":{"start":{"line":96,"column":20},"end":{"line":96,"column":42},"skip":true},"25":{"start":{"line":97,"column":20},"end":{"line":97,"column":48},"skip":true},"26":{"start":{"line":100,"column":20},"end":{"line":100,"column":85},"skip":true},"27":{"start":{"line":101,"column":20},"end":{"line":101,"column":96},"skip":true},"28":{"start":{"line":103,"column":16},"end":{"line":103,"column":22},"skip":true},"29":{"start":{"line":106,"column":16},"end":{"line":106,"column":22},"skip":true},"30":{"start":{"line":108,"column":12},"end":{"line":120,"column":13},"skip":true},"31":{"start":{"line":114,"column":16},"end":{"line":119,"column":17},"skip":true},"32":{"start":{"line":116,"column":20},"end":{"line":116,"column":78},"skip":true},"33":{"start":{"line":118,"column":20},"end":{"line":118,"column":47},"skip":true},"34":{"start":{"line":123,"column":8},"end":{"line":141,"column":11},"skip":true},"35":{"start":{"line":124,"column":12},"end":{"line":124,"column":54},"skip":true},"36":{"start":{"line":125,"column":12},"end":{"line":140,"column":14},"skip":true},"37":{"start":{"line":126,"column":16},"end":{"line":126,"column":28},"skip":true},"38":{"start":{"line":127,"column":16},"end":{"line":127,"column":69},"skip":true},"39":{"start":{"line":128,"column":16},"end":{"line":128,"column":75},"skip":true},"40":{"start":{"line":129,"column":16},"end":{"line":131,"column":17},"skip":true},"41":{"start":{"line":130,"column":20},"end":{"line":130,"column":27},"skip":true},"42":{"start":{"line":133,"column":16},"end":{"line":137,"column":36},"skip":true},"43":{"start":{"line":134,"column":20},"end":{"line":136,"column":55},"skip":true},"44":{"start":{"line":139,"column":16},"end":{"line":139,"column":57},"skip":true},"45":{"start":{"line":143,"column":8},"end":{"line":147,"column":11},"skip":true},"46":{"start":{"line":144,"column":12},"end":{"line":146,"column":15},"skip":true},"47":{"start":{"line":145,"column":16},"end":{"line":145,"column":70},"skip":true},"48":{"start":{"line":149,"column":8},"end":{"line":149,"column":31},"skip":true},"49":{"start":{"line":150,"column":8},"end":{"line":150,"column":14},"skip":true},"50":{"start":{"line":158,"column":8},"end":{"line":158,"column":31},"skip":true},"51":{"start":{"line":160,"column":8},"end":{"line":160,"column":33},"skip":true},"52":{"start":{"line":161,"column":8},"end":{"line":161,"column":37},"skip":true},"53":{"start":{"line":162,"column":8},"end":{"line":162,"column":35},"skip":true},"54":{"start":{"line":164,"column":8},"end":{"line":164,"column":50},"skip":true},"55":{"start":{"line":166,"column":8},"end":{"line":256,"column":2},"skip":true},"56":{"start":{"line":258,"column":8},"end":{"line":286,"column":9},"skip":true},"57":{"start":{"line":259,"column":12},"end":{"line":269,"column":14},"skip":true},"58":{"start":{"line":271,"column":12},"end":{"line":285,"column":19},"skip":true},"59":{"start":{"line":274,"column":20},"end":{"line":274,"column":35},"skip":true},"60":{"start":{"line":275,"column":20},"end":{"line":284,"column":21},"skip":true},"61":{"start":{"line":277,"column":24},"end":{"line":277,"column":64},"skip":true},"62":{"start":{"line":279,"column":24},"end":{"line":279,"column":40},"skip":true},"63":{"start":{"line":281,"column":24},"end":{"line":281,"column":40},"skip":true},"64":{"start":{"line":283,"column":24},"end":{"line":283,"column":39},"skip":true},"65":{"start":{"line":288,"column":8},"end":{"line":290,"column":9},"skip":true},"66":{"start":{"line":289,"column":12},"end":{"line":289,"column":18},"skip":true},"67":{"start":{"line":291,"column":8},"end":{"line":293,"column":54},"skip":true},"68":{"start":{"line":296,"column":8},"end":{"line":301,"column":37},"skip":true},"69":{"start":{"line":303,"column":8},"end":{"line":303,"column":82},"skip":true},"70":{"start":{"line":306,"column":8},"end":{"line":308,"column":9},"skip":true},"71":{"start":{"line":307,"column":12},"end":{"line":307,"column":82},"skip":true},"72":{"start":{"line":310,"column":8},"end":{"line":312,"column":9},"skip":true},"73":{"start":{"line":311,"column":12},"end":{"line":311,"column":18},"skip":true},"74":{"start":{"line":313,"column":8},"end":{"line":313,"column":54},"skip":true},"75":{"start":{"line":314,"column":8},"end":{"line":314,"column":69},"skip":true},"76":{"start":{"line":315,"column":8},"end":{"line":323,"column":36},"skip":true},"77":{"start":{"line":316,"column":12},"end":{"line":316,"column":61},"skip":true},"78":{"start":{"line":317,"column":12},"end":{"line":320,"column":13},"skip":true},"79":{"start":{"line":318,"column":16},"end":{"line":318,"column":75},"skip":true},"80":{"start":{"line":319,"column":16},"end":{"line":319,"column":23},"skip":true},"81":{"start":{"line":321,"column":12},"end":{"line":321,"column":38},"skip":true},"82":{"start":{"line":322,"column":12},"end":{"line":322,"column":27},"skip":true},"83":{"start":{"line":324,"column":8},"end":{"line":324,"column":14},"skip":true}},"branchMap":{"1":{"line":39,"type":"binary-expr","locations":[{"start":{"line":39,"column":23},"end":{"line":39,"column":62}},{"start":{"line":40,"column":20},"end":{"line":40,"column":70}},{"start":{"line":41,"column":20},"end":{"line":41,"column":71}},{"start":{"line":42,"column":20},"end":{"line":42,"column":29}}]},"2":{"line":44,"type":"binary-expr","locations":[{"start":{"line":44,"column":23},"end":{"line":44,"column":37}},{"start":{"line":45,"column":20},"end":{"line":45,"column":61}},{"start":{"line":46,"column":20},"end":{"line":46,"column":70}},{"start":{"line":47,"column":20},"end":{"line":47,"column":26}}]},"3":{"line":51,"type":"cond-expr","locations":[{"start":{"line":52,"column":14},"end":{"line":52,"column":20}},{"start":{"line":53,"column":14},"end":{"line":53,"column":20}}]},"4":{"line":55,"type":"binary-expr","locations":[{"start":{"line":55,"column":16},"end":{"line":55,"column":44}},{"start":{"line":55,"column":49},"end":{"line":57,"column":43}}]},"5":{"line":55,"type":"cond-expr","locations":[{"start":{"line":56,"column":14},"end":{"line":56,"column":60}},{"start":{"line":57,"column":14},"end":{"line":57,"column":43}}]},"6":{"line":61,"type":"switch","locations":[{"start":{"line":68,"column":4},"end":{"line":150,"column":14},"skip":true},{"start":{"line":156,"column":4},"end":{"line":324,"column":14},"skip":true}]},"7":{"line":70,"type":"if","locations":[{"start":{"line":70,"column":12},"end":{"line":70,"column":12},"skip":true},{"start":{"line":70,"column":12},"end":{"line":70,"column":12},"skip":true}]},"8":{"line":70,"type":"binary-expr","locations":[{"start":{"line":70,"column":16},"end":{"line":70,"column":22},"skip":true},{"start":{"line":70,"column":27},"end":{"line":70,"column":32},"skip":true},{"start":{"line":71,"column":20},"end":{"line":71,"column":39},"skip":true},{"start":{"line":72,"column":20},"end":{"line":72,"column":49},"skip":true},{"start":{"line":73,"column":20},"end":{"line":73,"column":58},"skip":true},{"start":{"line":74,"column":20},"end":{"line":74,"column":69},"skip":true}]},"9":{"line":79,"type":"switch","locations":[{"start":{"line":80,"column":20},"end":{"line":80,"column":33},"skip":true},{"start":{"line":81,"column":20},"end":{"line":83,"column":30},"skip":true},{"start":{"line":84,"column":20},"end":{"line":85,"column":49},"skip":true}]},"10":{"line":89,"type":"switch","locations":[{"start":{"line":90,"column":12},"end":{"line":103,"column":22},"skip":true},{"start":{"line":105,"column":12},"end":{"line":106,"column":22},"skip":true}]},"11":{"line":89,"type":"binary-expr","locations":[{"start":{"line":89,"column":20},"end":{"line":89,"column":25},"skip":true},{"start":{"line":89,"column":29},"end":{"line":89,"column":48},"skip":true},{"start":{"line":89,"column":52},"end":{"line":89,"column":74},"skip":true}]},"12":{"line":92,"type":"if","locations":[{"start":{"line":92,"column":16},"end":{"line":92,"column":16},"skip":true},{"start":{"line":92,"column":16},"end":{"line":92,"column":16},"skip":true}]},"13":{"line":108,"type":"if","locations":[{"start":{"line":108,"column":12},"end":{"line":108,"column":12},"skip":true},{"start":{"line":108,"column":12},"end":{"line":108,"column":12},"skip":true}]},"14":{"line":108,"type":"binary-expr","locations":[{"start":{"line":108,"column":16},"end":{"line":108,"column":61},"skip":true},{"start":{"line":108,"column":66},"end":{"line":108,"column":72},"skip":true},{"start":{"line":108,"column":77},"end":{"line":108,"column":82},"skip":true},{"start":{"line":109,"column":20},"end":{"line":109,"column":39},"skip":true},{"start":{"line":110,"column":20},"end":{"line":110,"column":49},"skip":true},{"start":{"line":111,"column":20},"end":{"line":111,"column":58},"skip":true},{"start":{"line":112,"column":20},"end":{"line":112,"column":68},"skip":true}]},"15":{"line":129,"type":"if","locations":[{"start":{"line":129,"column":16},"end":{"line":129,"column":16},"skip":true},{"start":{"line":129,"column":16},"end":{"line":129,"column":16},"skip":true}]},"16":{"line":134,"type":"cond-expr","locations":[{"start":{"line":135,"column":26},"end":{"line":135,"column":29},"skip":true},{"start":{"line":136,"column":26},"end":{"line":136,"column":54},"skip":true}]},"17":{"line":164,"type":"binary-expr","locations":[{"start":{"line":164,"column":27},"end":{"line":164,"column":43},"skip":true},{"start":{"line":164,"column":47},"end":{"line":164,"column":49},"skip":true}]},"18":{"line":258,"type":"if","locations":[{"start":{"line":258,"column":8},"end":{"line":258,"column":8},"skip":true},{"start":{"line":258,"column":8},"end":{"line":258,"column":8},"skip":true}]},"19":{"line":275,"type":"switch","locations":[{"start":{"line":276,"column":20},"end":{"line":277,"column":64},"skip":true},{"start":{"line":278,"column":20},"end":{"line":279,"column":40},"skip":true},{"start":{"line":280,"column":20},"end":{"line":281,"column":40},"skip":true},{"start":{"line":282,"column":20},"end":{"line":283,"column":39},"skip":true}]},"20":{"line":288,"type":"if","locations":[{"start":{"line":288,"column":8},"end":{"line":288,"column":8},"skip":true},{"start":{"line":288,"column":8},"end":{"line":288,"column":8},"skip":true}]},"21":{"line":288,"type":"binary-expr","locations":[{"start":{"line":288,"column":12},"end":{"line":288,"column":40},"skip":true},{"start":{"line":288,"column":44},"end":{"line":288,"column":67},"skip":true}]},"22":{"line":292,"type":"binary-expr","locations":[{"start":{"line":292,"column":12},"end":{"line":292,"column":50},"skip":true},{"start":{"line":293,"column":12},"end":{"line":293,"column":53},"skip":true}]},"23":{"line":297,"type":"binary-expr","locations":[{"start":{"line":297,"column":12},"end":{"line":297,"column":74},"skip":true},{"start":{"line":298,"column":12},"end":{"line":301,"column":36},"skip":true}]},"24":{"line":303,"type":"binary-expr","locations":[{"start":{"line":303,"column":43},"end":{"line":303,"column":75},"skip":true},{"start":{"line":303,"column":79},"end":{"line":303,"column":81},"skip":true}]},"25":{"line":306,"type":"if","locations":[{"start":{"line":306,"column":8},"end":{"line":306,"column":8},"skip":true},{"start":{"line":306,"column":8},"end":{"line":306,"column":8},"skip":true}]},"26":{"line":310,"type":"if","locations":[{"start":{"line":310,"column":8},"end":{"line":310,"column":8},"skip":true},{"start":{"line":310,"column":8},"end":{"line":310,"column":8},"skip":true}]},"27":{"line":313,"type":"binary-expr","locations":[{"start":{"line":313,"column":27},"end":{"line":313,"column":43},"skip":true},{"start":{"line":313,"column":47},"end":{"line":313,"column":53},"skip":true}]},"28":{"line":317,"type":"if","locations":[{"start":{"line":317,"column":12},"end":{"line":317,"column":12},"skip":true},{"start":{"line":317,"column":12},"end":{"line":317,"column":12},"skip":true}]}},"code":["/*","example.js","","quickstart example","","instruction","    1. save this script as example.js","    2. run the shell command:","        $ npm install npmtest-telegram-bot-api && PORT=8081 node example.js","    3. play with the browser-demo on http://127.0.0.1:8081","*/","","","","/* istanbul instrument in package npmtest_telegram_bot_api */","/*jslint","    bitwise: true,","    browser: true,","    maxerr: 8,","    maxlen: 96,","    node: true,","    nomen: true,","    regexp: true,","    stupid: true","*/","(function () {","    'use strict';","    var local;","","","","    // run shared js-env code - init-before","    (function () {","        // init local","        local = {};","        // init modeJs","        local.modeJs = (function () {","            try {","                return typeof navigator.userAgent === 'string' &&","                    typeof document.querySelector('body') === 'object' &&","                    typeof XMLHttpRequest.prototype.open === 'function' &&","                    'browser';","            } catch (errorCaughtBrowser) {","                return module.exports &&","                    typeof process.versions.node === 'string' &&","                    typeof require('http').createServer === 'function' &&","                    'node';","            }","        }());","        // init global","        local.global = local.modeJs === 'browser'","            ? window","            : global;","        // init utility2_rollup","        local = local.global.utility2_rollup || (local.modeJs === 'browser'","            ? local.global.utility2_npmtest_telegram_bot_api","            : global.utility2_moduleExports);","        // export local","        local.global.local = local;","    }());","    switch (local.modeJs) {","","","","    // init-after","    // run browser js-env code - init-after","    /* istanbul ignore next */","    case 'browser':","        local.testRunBrowser = function (event) {","            if (!event || (event &&","                    event.currentTarget &&","                    event.currentTarget.className &&","                    event.currentTarget.className.includes &&","                    event.currentTarget.className.includes('onreset'))) {","                // reset output","                Array.from(","                    document.querySelectorAll('body > .resettable')","                ).forEach(function (element) {","                    switch (element.tagName) {","                    case 'INPUT':","                    case 'TEXTAREA':","                        element.value = '';","                        break;","                    default:","                        element.textContent = '';","                    }","                });","            }","            switch (event && event.currentTarget && event.currentTarget.id) {","            case 'testRunButton1':","                // show tests","                if (document.querySelector('#testReportDiv1').style.display === 'none') {","                    document.querySelector('#testReportDiv1').style.display = 'block';","                    document.querySelector('#testRunButton1').textContent =","                        'hide internal test';","                    local.modeTest = true;","                    local.testRunDefault(local);","                // hide tests","                } else {","                    document.querySelector('#testReportDiv1').style.display = 'none';","                    document.querySelector('#testRunButton1').textContent = 'run internal test';","                }","                break;","            // custom-case","            default:","                break;","            }","            if (document.querySelector('#inputTextareaEval1') && (!event || (event &&","                    event.currentTarget &&","                    event.currentTarget.className &&","                    event.currentTarget.className.includes &&","                    event.currentTarget.className.includes('oneval')))) {","                // try to eval input-code","                try {","                    /*jslint evil: true*/","                    eval(document.querySelector('#inputTextareaEval1').value);","                } catch (errorCaught) {","                    console.error(errorCaught);","                }","            }","        };","        // log stderr and stdout to #outputTextareaStdout1","        ['error', 'log'].forEach(function (key) {","            console[key + '_original'] = console[key];","            console[key] = function () {","                var element;","                console[key + '_original'].apply(console, arguments);","                element = document.querySelector('#outputTextareaStdout1');","                if (!element) {","                    return;","                }","                // append text to #outputTextareaStdout1","                element.value += Array.from(arguments).map(function (arg) {","                    return typeof arg === 'string'","                        ? arg","                        : JSON.stringify(arg, null, 4);","                }).join(' ') + '\\n';","                // scroll textarea to bottom","                element.scrollTop = element.scrollHeight;","            };","        });","        // init event-handling","        ['change', 'click', 'keyup'].forEach(function (event) {","            Array.from(document.querySelectorAll('.on' + event)).forEach(function (element) {","                element.addEventListener(event, local.testRunBrowser);","            });","        });","        // run tests","        local.testRunBrowser();","        break;","","","","    // run node js-env code - init-after","    /* istanbul ignore next */","    case 'node':","        // export local","        module.exports = local;","        // require modules","        local.fs = require('fs');","        local.http = require('http');","        local.url = require('url');","        // init assets","        local.assetsDict = local.assetsDict || {};","        /* jslint-ignore-begin */","        local.assetsDict['/assets.index.template.html'] = '\\","<!doctype html>\\n\\","<html lang=\"en\">\\n\\","<head>\\n\\","<meta charset=\"UTF-8\">\\n\\","<meta name=\"viewport\" content=\"width=device-width, initial-scale=1\">\\n\\","<title>{{env.npm_package_name}} (v{{env.npm_package_version}})</title>\\n\\","<style>\\n\\","/*csslint\\n\\","    box-sizing: false,\\n\\","    universal-selector: false\\n\\","*/\\n\\","* {\\n\\","    box-sizing: border-box;\\n\\","}\\n\\","body {\\n\\","    background: #dde;\\n\\","    font-family: Arial, Helvetica, sans-serif;\\n\\","    margin: 2rem;\\n\\","}\\n\\","body > * {\\n\\","    margin-bottom: 1rem;\\n\\","}\\n\\",".utility2FooterDiv {\\n\\","    margin-top: 20px;\\n\\","    text-align: center;\\n\\","}\\n\\","</style>\\n\\","<style>\\n\\","/*csslint\\n\\","*/\\n\\","textarea {\\n\\","    font-family: monospace;\\n\\","    height: 10rem;\\n\\","    width: 100%;\\n\\","}\\n\\","textarea[readonly] {\\n\\","    background: #ddd;\\n\\","}\\n\\","</style>\\n\\","</head>\\n\\","<body>\\n\\","<!-- utility2-comment\\n\\","<div id=\"ajaxProgressDiv1\" style=\"background: #d00; height: 2px; left: 0; margin: 0; padding: 0; position: fixed; top: 0; transition: background 0.5s, width 1.5s; width: 25%;\"></div>\\n\\","utility2-comment -->\\n\\","<h1>\\n\\","<!-- utility2-comment\\n\\","    <a\\n\\","        {{#if env.npm_package_homepage}}\\n\\","        href=\"{{env.npm_package_homepage}}\"\\n\\","        {{/if env.npm_package_homepage}}\\n\\","        target=\"_blank\"\\n\\","    >\\n\\","utility2-comment -->\\n\\","        {{env.npm_package_name}} (v{{env.npm_package_version}})\\n\\","<!-- utility2-comment\\n\\","    </a>\\n\\","utility2-comment -->\\n\\","</h1>\\n\\","<h3>{{env.npm_package_description}}</h3>\\n\\","<!-- utility2-comment\\n\\","<h4><a download href=\"assets.app.js\">download standalone app</a></h4>\\n\\","<button class=\"onclick onreset\" id=\"testRunButton1\">run internal test</button><br>\\n\\","<div id=\"testReportDiv1\" style=\"display: none;\"></div>\\n\\","utility2-comment -->\\n\\","\\n\\","\\n\\","\\n\\","<label>stderr and stdout</label>\\n\\","<textarea class=\"resettable\" id=\"outputTextareaStdout1\" readonly></textarea>\\n\\","<!-- utility2-comment\\n\\","{{#if isRollup}}\\n\\","<script src=\"assets.app.js\"></script>\\n\\","{{#unless isRollup}}\\n\\","utility2-comment -->\\n\\","<script src=\"assets.utility2.rollup.js\"></script>\\n\\","<script src=\"jsonp.utility2._stateInit?callback=window.utility2._stateInit\"></script>\\n\\","<script src=\"assets.npmtest_telegram_bot_api.rollup.js\"></script>\\n\\","<script src=\"assets.example.js\"></script>\\n\\","<script src=\"assets.test.js\"></script>\\n\\","<!-- utility2-comment\\n\\","{{/if isRollup}}\\n\\","utility2-comment -->\\n\\","<div class=\"utility2FooterDiv\">\\n\\","    [ this app was created with\\n\\","    <a href=\"https://github.com/kaizhu256/node-utility2\" target=\"_blank\">utility2</a>\\n\\","    ]\\n\\","</div>\\n\\","</body>\\n\\","</html>\\n\\","';","        /* jslint-ignore-end */","        if (local.templateRender) {","            local.assetsDict['/'] = local.templateRender(","                local.assetsDict['/assets.index.template.html'],","                {","                    env: local.objectSetDefault(local.env, {","                        npm_package_description: 'the greatest app in the world!',","                        npm_package_name: 'my-app',","                        npm_package_nameAlias: 'my_app',","                        npm_package_version: '0.0.1'","                    })","                }","            );","        } else {","            local.assetsDict['/'] = local.assetsDict['/assets.index.template.html']","                .replace((/\\{\\{env\\.(\\w+?)\\}\\}/g), function (match0, match1) {","                    // jslint-hack","                    String(match0);","                    switch (match1) {","                    case 'npm_package_description':","                        return 'the greatest app in the world!';","                    case 'npm_package_name':","                        return 'my-app';","                    case 'npm_package_nameAlias':","                        return 'my_app';","                    case 'npm_package_version':","                        return '0.0.1';","                    }","                });","        }","        // run the cli","        if (local.global.utility2_rollup || module !== require.main) {","            break;","        }","        local.assetsDict['/assets.example.js'] =","            local.assetsDict['/assets.example.js'] ||","            local.fs.readFileSync(__filename, 'utf8');","        // bug-workaround - long $npm_package_buildCustomOrg","        /* jslint-ignore-begin */","        local.assetsDict['/assets.npmtest_telegram_bot_api.rollup.js'] =","            local.assetsDict['/assets.npmtest_telegram_bot_api.rollup.js'] ||","            local.fs.readFileSync(","                local.npmtest_telegram_bot_api.__dirname + '/lib.npmtest_telegram_bot_api.js',","                'utf8'","            ).replace((/^#!/), '//');","        /* jslint-ignore-end */","        local.assetsDict['/favicon.ico'] = local.assetsDict['/favicon.ico'] || '';","        // if $npm_config_timeout_exit exists,","        // then exit this process after $npm_config_timeout_exit ms","        if (Number(process.env.npm_config_timeout_exit)) {","            setTimeout(process.exit, Number(process.env.npm_config_timeout_exit));","        }","        // start server","        if (local.global.utility2_serverHttp1) {","            break;","        }","        process.env.PORT = process.env.PORT || '8081';","        console.error('server starting on port ' + process.env.PORT);","        local.http.createServer(function (request, response) {","            request.urlParsed = local.url.parse(request.url);","            if (local.assetsDict[request.urlParsed.pathname] !== undefined) {","                response.end(local.assetsDict[request.urlParsed.pathname]);","                return;","            }","            response.statusCode = 404;","            response.end();","        }).listen(process.env.PORT);","        break;","    }","}());",""],"l":{"26":2,"28":2,"33":2,"35":2,"37":2,"38":2,"39":2,"44":1,"51":2,"55":2,"59":2,"61":2,"69":1,"70":2,"76":2,"79":2,"82":2,"83":2,"85":1,"89":2,"92":1,"93":1,"94":1,"96":1,"97":1,"100":1,"101":1,"103":1,"106":1,"108":2,"114":1,"116":1,"118":1,"123":1,"124":2,"125":2,"126":3,"127":3,"128":3,"129":3,"130":1,"133":3,"134":3,"139":3,"143":1,"144":3,"145":1,"149":1,"150":1,"158":1,"160":1,"161":1,"162":1,"164":1,"166":1,"258":1,"259":1,"271":1,"274":6,"275":6,"277":1,"279":2,"281":1,"283":2,"288":1,"289":1,"291":1,"296":1,"303":1,"306":1,"307":1,"310":1,"311":1,"313":1,"314":1,"315":1,"316":1,"317":1,"318":1,"319":1,"321":1,"322":1,"324":1}},"/home/travis/build/npmtest/node-npmtest-telegram-bot-api/node_modules/telegram-bot-api/lib/telegram-bot.js":{"path":"/home/travis/build/npmtest/node-npmtest-telegram-bot-api/node_modules/telegram-bot-api/lib/telegram-bot.js","s":{"1":1,"2":1,"3":1,"4":1,"5":1,"6":1,"7":1,"8":0,"9":1,"10":0,"11":0,"12":0,"13":0,"14":0,"15":0,"16":0,"17":0,"18":0,"19":0,"20":0,"21":0,"22":0,"23":0,"24":0,"25":0,"26":1,"27":0,"28":0,"29":0,"30":0,"31":1,"32":0,"33":0,"34":0,"35":0,"36":0,"37":0,"38":0,"39":0,"40":0,"41":0,"42":0,"43":0,"44":0,"45":0,"46":0,"47":0,"48":0,"49":0,"50":0,"51":0,"52":0,"53":0,"54":0,"55":0,"56":0,"57":0,"58":0,"59":0,"60":0,"61":0,"62":0,"63":0,"64":0,"65":0,"66":0,"67":0,"68":0,"69":0,"70":0,"71":0,"72":0,"73":0,"74":0,"75":0,"76":0,"77":0,"78":0,"79":0,"80":0,"81":0,"82":0,"83":0,"84":0,"85":0,"86":0,"87":0,"88":0,"89":0,"90":0,"91":0,"92":0,"93":0,"94":0,"95":0,"96":0,"97":0,"98":0,"99":0,"100":0,"101":0,"102":0,"103":0,"104":0,"105":0,"106":0,"107":0,"108":0,"109":0,"110":0,"111":0,"112":0,"113":0,"114":0,"115":0,"116":0,"117":0,"118":0,"119":0,"120":0,"121":0,"122":0,"123":0,"124":0,"125":0,"126":0,"127":0,"128":0,"129":0,"130":0,"131":0,"132":0,"133":0,"134":0,"135":0,"136":0,"137":0,"138":0,"139":0,"140":0,"141":0,"142":0,"143":0,"144":0,"145":0,"146":0,"147":0,"148":0,"149":0,"150":0,"151":0,"152":0,"153":0,"154":0,"155":0,"156":0,"157":0,"158":0,"159":0,"160":0,"161":0,"162":0,"163":0,"164":0,"165":0,"166":0,"167":0,"168":0,"169":0,"170":0,"171":0,"172":0,"173":0,"174":0,"175":0,"176":0,"177":0,"178":0,"179":0,"180":0,"181":0,"182":0,"183":0,"184":0,"185":0,"186":0,"187":0,"188":0,"189":0,"190":0,"191":0,"192":0,"193":0,"194":0,"195":0,"196":0,"197":0,"198":0,"199":0,"200":0,"201":0,"202":0,"203":0,"204":0,"205":0,"206":0,"207":0,"208":0,"209":0,"210":0,"211":0,"212":0,"213":0,"214":0,"215":0,"216":0,"217":0,"218":0,"219":0,"220":0,"221":0,"222":0,"223":0,"224":0,"225":0,"226":0,"227":0,"228":0,"229":0,"230":0,"231":0,"232":0,"233":0,"234":0,"235":0,"236":0,"237":0,"238":0,"239":0,"240":0,"241":0,"242":0,"243":0,"244":0,"245":0,"246":0,"247":0,"248":0,"249":0,"250":0,"251":0,"252":0,"253":0,"254":0,"255":0,"256":0,"257":0,"258":0,"259":0,"260":0,"261":0,"262":0,"263":0,"264":0,"265":0,"266":0,"267":0,"268":0,"269":0,"270":0,"271":0,"272":0,"273":0,"274":0,"275":0,"276":0,"277":0,"278":0,"279":0,"280":0,"281":0,"282":0,"283":0,"284":0,"285":0,"286":0,"287":0,"288":0,"289":0,"290":0,"291":0,"292":0,"293":0,"294":0,"295":0,"296":0,"297":0,"298":0,"299":0,"300":0,"301":0,"302":0,"303":0,"304":0,"305":0,"306":0,"307":0,"308":0,"309":0,"310":0,"311":0,"312":0,"313":0,"314":0,"315":0,"316":0,"317":0,"318":0,"319":0,"320":0,"321":0,"322":0,"323":0,"324":0,"325":0,"326":0,"327":0,"328":0,"329":0,"330":0,"331":0,"332":0,"333":0,"334":0,"335":0,"336":0,"337":0,"338":0,"339":0,"340":0,"341":0,"342":0,"343":0,"344":0,"345":0,"346":0,"347":0,"348":0,"349":0,"350":0,"351":0,"352":0,"353":0,"354":0,"355":0,"356":0,"357":0,"358":0,"359":0,"360":0,"361":0,"362":0,"363":0,"364":0,"365":0,"366":0,"367":0,"368":0,"369":0,"370":0,"371":0,"372":0,"373":0,"374":0,"375":0,"376":0,"377":0,"378":0,"379":0,"380":0,"381":0,"382":0,"383":0,"384":0,"385":0,"386":0,"387":0,"388":0,"389":0,"390":0,"391":0,"392":0,"393":0,"394":0,"395":0,"396":0,"397":0,"398":0,"399":0,"400":0,"401":0,"402":0,"403":0,"404":0,"405":1,"406":1},"b":{"1":[0,0],"2":[0,0],"3":[0,0],"4":[0,0],"5":[0,0],"6":[0,0],"7":[0,0],"8":[0,0],"9":[0,0],"10":[0,0],"11":[0,0],"12":[0,0],"13":[0,0],"14":[0,0],"15":[0,0],"16":[0,0],"17":[0,0],"18":[0,0],"19":[0,0],"20":[0,0],"21":[0,0],"22":[0,0],"23":[0,0],"24":[0,0],"25":[0,0],"26":[0,0],"27":[0,0],"28":[0,0],"29":[0,0],"30":[0,0],"31":[0,0],"32":[0,0],"33":[0,0],"34":[0,0],"35":[0,0],"36":[0,0],"37":[0,0],"38":[0,0],"39":[0,0],"40":[0,0],"41":[0,0],"42":[0,0],"43":[0,0],"44":[0,0],"45":[0,0],"46":[0,0],"47":[0,0],"48":[0,0],"49":[0,0],"50":[0,0],"51":[0,0],"52":[0,0],"53":[0,0],"54":[0,0],"55":[0,0],"56":[0,0],"57":[0,0],"58":[0,0],"59":[0,0],"60":[0,0],"61":[0,0],"62":[0,0],"63":[0,0],"64":[0,0],"65":[0,0],"66":[0,0],"67":[0,0],"68":[0,0],"69":[0,0],"70":[0,0],"71":[0,0],"72":[0,0],"73":[0,0],"74":[0,0],"75":[0,0],"76":[0,0],"77":[0,0],"78":[0,0],"79":[0,0],"80":[0,0],"81":[0,0],"82":[0,0],"83":[0,0],"84":[0,0],"85":[0,0],"86":[0,0]},"f":{"1":0,"2":0,"3":0,"4":0,"5":0,"6":0,"7":0,"8":0,"9":0,"10":0,"11":0,"12":0,"13":0,"14":0,"15":0,"16":0,"17":0,"18":0,"19":0,"20":0,"21":0,"22":0,"23":0,"24":0,"25":0,"26":0,"27":0,"28":0,"29":0,"30":0,"31":0,"32":0,"33":0,"34":0,"35":0,"36":0,"37":0,"38":0,"39":0,"40":0,"41":0,"42":0,"43":0,"44":0,"45":0,"46":0,"47":0,"48":0,"49":0,"50":0,"51":0,"52":0,"53":0,"54":0,"55":0,"56":0,"57":0,"58":0,"59":0,"60":0,"61":0,"62":0,"63":0,"64":0,"65":0,"66":0,"67":0,"68":0,"69":0,"70":0,"71":0,"72":0,"73":0,"74":0,"75":0,"76":0,"77":0,"78":0,"79":0,"80":0,"81":0,"82":0,"83":0,"84":0,"85":0,"86":0,"87":0,"88":0,"89":0,"90":0,"91":0,"92":0,"93":0,"94":0,"95":0,"96":0,"97":0,"98":0,"99":0,"100":0,"101":0,"102":0,"103":0,"104":0,"105":0,"106":0,"107":0,"108":0,"109":0,"110":0,"111":0,"112":0,"113":0,"114":0,"115":0,"116":0,"117":0,"118":0,"119":0,"120":0,"121":0,"122":0,"123":0,"124":0,"125":0,"126":0,"127":0,"128":0,"129":0,"130":0,"131":0,"132":0,"133":0,"134":0,"135":0,"136":0,"137":0,"138":0,"139":0,"140":0,"141":0,"142":0,"143":0,"144":0,"145":0,"146":0,"147":0,"148":0,"149":0,"150":0,"151":0,"152":0,"153":0,"154":0,"155":0,"156":0,"157":0,"158":0,"159":0,"160":0},"fnMap":{"1":{"name":"(anonymous_1)","line":9,"loc":{"start":{"line":9,"column":37},"end":{"line":9,"column":53}}},"2":{"name":"(anonymous_2)","line":30,"loc":{"start":{"line":30,"column":18},"end":{"line":31,"column":0}}},"3":{"name":"commonResponseHandler","line":87,"loc":{"start":{"line":87,"column":4},"end":{"line":88,"column":4}}},"4":{"name":"(anonymous_4)","line":89,"loc":{"start":{"line":89,"column":27},"end":{"line":90,"column":8}}},"5":{"name":"internalGetUpdates","line":110,"loc":{"start":{"line":110,"column":4},"end":{"line":111,"column":4}}},"6":{"name":"(anonymous_6)","line":117,"loc":{"start":{"line":117,"column":14},"end":{"line":118,"column":8}}},"7":{"name":"(anonymous_7)","line":126,"loc":{"start":{"line":126,"column":52},"end":{"line":127,"column":16}}},"8":{"name":"(anonymous_8)","line":164,"loc":{"start":{"line":164,"column":15},"end":{"line":165,"column":8}}},"9":{"name":"(anonymous_9)","line":179,"loc":{"start":{"line":179,"column":17},"end":{"line":180,"column":4}}},"10":{"name":"(anonymous_10)","line":181,"loc":{"start":{"line":181,"column":27},"end":{"line":182,"column":8}}},"11":{"name":"(anonymous_11)","line":188,"loc":{"start":{"line":188,"column":18},"end":{"line":189,"column":12}}},"12":{"name":"(anonymous_12)","line":192,"loc":{"start":{"line":192,"column":18},"end":{"line":193,"column":12}}},"13":{"name":"(anonymous_13)","line":196,"loc":{"start":{"line":196,"column":19},"end":{"line":197,"column":12}}},"14":{"name":"(anonymous_14)","line":216,"loc":{"start":{"line":216,"column":23},"end":{"line":217,"column":4}}},"15":{"name":"(anonymous_15)","line":227,"loc":{"start":{"line":227,"column":27},"end":{"line":228,"column":8}}},"16":{"name":"(anonymous_16)","line":235,"loc":{"start":{"line":235,"column":18},"end":{"line":236,"column":12}}},"17":{"name":"(anonymous_17)","line":239,"loc":{"start":{"line":239,"column":18},"end":{"line":240,"column":12}}},"18":{"name":"(anonymous_18)","line":243,"loc":{"start":{"line":243,"column":19},"end":{"line":244,"column":12}}},"19":{"name":"(anonymous_19)","line":257,"loc":{"start":{"line":257,"column":26},"end":{"line":258,"column":4}}},"20":{"name":"(anonymous_20)","line":259,"loc":{"start":{"line":259,"column":27},"end":{"line":260,"column":8}}},"21":{"name":"(anonymous_21)","line":273,"loc":{"start":{"line":273,"column":18},"end":{"line":274,"column":12}}},"22":{"name":"(anonymous_22)","line":277,"loc":{"start":{"line":277,"column":18},"end":{"line":278,"column":12}}},"23":{"name":"(anonymous_23)","line":281,"loc":{"start":{"line":281,"column":19},"end":{"line":282,"column":12}}},"24":{"name":"(anonymous_24)","line":300,"loc":{"start":{"line":300,"column":21},"end":{"line":301,"column":4}}},"25":{"name":"(anonymous_25)","line":302,"loc":{"start":{"line":302,"column":27},"end":{"line":303,"column":8}}},"26":{"name":"(anonymous_26)","line":305,"loc":{"start":{"line":305,"column":36},"end":{"line":306,"column":12}}},"27":{"name":"(anonymous_27)","line":345,"loc":{"start":{"line":345,"column":22},"end":{"line":346,"column":16}}},"28":{"name":"(anonymous_28)","line":349,"loc":{"start":{"line":349,"column":22},"end":{"line":350,"column":16}}},"29":{"name":"(anonymous_29)","line":353,"loc":{"start":{"line":353,"column":23},"end":{"line":354,"column":16}}},"30":{"name":"(anonymous_30)","line":375,"loc":{"start":{"line":375,"column":21},"end":{"line":376,"column":4}}},"31":{"name":"(anonymous_31)","line":377,"loc":{"start":{"line":377,"column":27},"end":{"line":378,"column":8}}},"32":{"name":"(anonymous_32)","line":380,"loc":{"start":{"line":380,"column":36},"end":{"line":381,"column":12}}},"33":{"name":"(anonymous_33)","line":430,"loc":{"start":{"line":430,"column":22},"end":{"line":431,"column":16}}},"34":{"name":"(anonymous_34)","line":434,"loc":{"start":{"line":434,"column":22},"end":{"line":435,"column":16}}},"35":{"name":"(anonymous_35)","line":438,"loc":{"start":{"line":438,"column":23},"end":{"line":439,"column":16}}},"36":{"name":"(anonymous_36)","line":458,"loc":{"start":{"line":458,"column":21},"end":{"line":459,"column":4}}},"37":{"name":"(anonymous_37)","line":460,"loc":{"start":{"line":460,"column":27},"end":{"line":461,"column":8}}},"38":{"name":"(anonymous_38)","line":463,"loc":{"start":{"line":463,"column":36},"end":{"line":464,"column":12}}},"39":{"name":"(anonymous_39)","line":503,"loc":{"start":{"line":503,"column":22},"end":{"line":504,"column":16}}},"40":{"name":"(anonymous_40)","line":507,"loc":{"start":{"line":507,"column":22},"end":{"line":508,"column":16}}},"41":{"name":"(anonymous_41)","line":511,"loc":{"start":{"line":511,"column":23},"end":{"line":512,"column":16}}},"42":{"name":"(anonymous_42)","line":530,"loc":{"start":{"line":530,"column":24},"end":{"line":531,"column":4}}},"43":{"name":"(anonymous_43)","line":532,"loc":{"start":{"line":532,"column":27},"end":{"line":533,"column":8}}},"44":{"name":"(anonymous_44)","line":535,"loc":{"start":{"line":535,"column":39},"end":{"line":536,"column":12}}},"45":{"name":"(anonymous_45)","line":570,"loc":{"start":{"line":570,"column":22},"end":{"line":571,"column":16}}},"46":{"name":"(anonymous_46)","line":574,"loc":{"start":{"line":574,"column":22},"end":{"line":575,"column":16}}},"47":{"name":"(anonymous_47)","line":578,"loc":{"start":{"line":578,"column":23},"end":{"line":579,"column":16}}},"48":{"name":"(anonymous_48)","line":597,"loc":{"start":{"line":597,"column":23},"end":{"line":598,"column":4}}},"49":{"name":"(anonymous_49)","line":599,"loc":{"start":{"line":599,"column":27},"end":{"line":600,"column":8}}},"50":{"name":"(anonymous_50)","line":602,"loc":{"start":{"line":602,"column":38},"end":{"line":603,"column":12}}},"51":{"name":"(anonymous_51)","line":637,"loc":{"start":{"line":637,"column":22},"end":{"line":638,"column":16}}},"52":{"name":"(anonymous_52)","line":641,"loc":{"start":{"line":641,"column":22},"end":{"line":642,"column":16}}},"53":{"name":"(anonymous_53)","line":645,"loc":{"start":{"line":645,"column":23},"end":{"line":646,"column":16}}},"54":{"name":"(anonymous_54)","line":666,"loc":{"start":{"line":666,"column":21},"end":{"line":667,"column":4}}},"55":{"name":"(anonymous_55)","line":668,"loc":{"start":{"line":668,"column":27},"end":{"line":669,"column":8}}},"56":{"name":"(anonymous_56)","line":671,"loc":{"start":{"line":671,"column":36},"end":{"line":672,"column":12}}},"57":{"name":"(anonymous_57)","line":716,"loc":{"start":{"line":716,"column":22},"end":{"line":717,"column":16}}},"58":{"name":"(anonymous_58)","line":720,"loc":{"start":{"line":720,"column":22},"end":{"line":721,"column":16}}},"59":{"name":"(anonymous_59)","line":724,"loc":{"start":{"line":724,"column":23},"end":{"line":725,"column":16}}},"60":{"name":"(anonymous_60)","line":742,"loc":{"start":{"line":742,"column":24},"end":{"line":743,"column":4}}},"61":{"name":"(anonymous_61)","line":744,"loc":{"start":{"line":744,"column":27},"end":{"line":745,"column":8}}},"62":{"name":"(anonymous_62)","line":768,"loc":{"start":{"line":768,"column":18},"end":{"line":769,"column":12}}},"63":{"name":"(anonymous_63)","line":772,"loc":{"start":{"line":772,"column":18},"end":{"line":773,"column":12}}},"64":{"name":"(anonymous_64)","line":776,"loc":{"start":{"line":776,"column":19},"end":{"line":777,"column":12}}},"65":{"name":"(anonymous_65)","line":798,"loc":{"start":{"line":798,"column":21},"end":{"line":799,"column":4}}},"66":{"name":"(anonymous_66)","line":800,"loc":{"start":{"line":800,"column":27},"end":{"line":801,"column":8}}},"67":{"name":"(anonymous_67)","line":808,"loc":{"start":{"line":808,"column":18},"end":{"line":809,"column":12}}},"68":{"name":"(anonymous_68)","line":812,"loc":{"start":{"line":812,"column":18},"end":{"line":813,"column":12}}},"69":{"name":"(anonymous_69)","line":816,"loc":{"start":{"line":816,"column":19},"end":{"line":817,"column":12}}},"70":{"name":"(anonymous_70)","line":836,"loc":{"start":{"line":836,"column":23},"end":{"line":837,"column":4}}},"71":{"name":"(anonymous_71)","line":838,"loc":{"start":{"line":838,"column":27},"end":{"line":839,"column":8}}},"72":{"name":"(anonymous_72)","line":846,"loc":{"start":{"line":846,"column":18},"end":{"line":847,"column":12}}},"73":{"name":"(anonymous_73)","line":850,"loc":{"start":{"line":850,"column":18},"end":{"line":851,"column":12}}},"74":{"name":"(anonymous_74)","line":854,"loc":{"start":{"line":854,"column":19},"end":{"line":855,"column":12}}},"75":{"name":"(anonymous_75)","line":868,"loc":{"start":{"line":868,"column":26},"end":{"line":869,"column":4}}},"76":{"name":"(anonymous_76)","line":870,"loc":{"start":{"line":870,"column":27},"end":{"line":871,"column":8}}},"77":{"name":"(anonymous_77)","line":878,"loc":{"start":{"line":878,"column":18},"end":{"line":879,"column":12}}},"78":{"name":"(anonymous_78)","line":882,"loc":{"start":{"line":882,"column":18},"end":{"line":883,"column":12}}},"79":{"name":"(anonymous_79)","line":886,"loc":{"start":{"line":886,"column":19},"end":{"line":887,"column":12}}},"80":{"name":"(anonymous_80)","line":900,"loc":{"start":{"line":900,"column":27},"end":{"line":901,"column":4}}},"81":{"name":"(anonymous_81)","line":902,"loc":{"start":{"line":902,"column":27},"end":{"line":903,"column":8}}},"82":{"name":"(anonymous_82)","line":910,"loc":{"start":{"line":910,"column":18},"end":{"line":911,"column":12}}},"83":{"name":"(anonymous_83)","line":914,"loc":{"start":{"line":914,"column":18},"end":{"line":915,"column":12}}},"84":{"name":"(anonymous_84)","line":918,"loc":{"start":{"line":918,"column":19},"end":{"line":919,"column":12}}},"85":{"name":"(anonymous_85)","line":931,"loc":{"start":{"line":931,"column":21},"end":{"line":932,"column":4}}},"86":{"name":"(anonymous_86)","line":933,"loc":{"start":{"line":933,"column":27},"end":{"line":934,"column":8}}},"87":{"name":"(anonymous_87)","line":941,"loc":{"start":{"line":941,"column":18},"end":{"line":942,"column":12}}},"88":{"name":"(anonymous_88)","line":945,"loc":{"start":{"line":945,"column":18},"end":{"line":946,"column":12}}},"89":{"name":"(anonymous_89)","line":949,"loc":{"start":{"line":949,"column":19},"end":{"line":950,"column":12}}},"90":{"name":"(anonymous_90)","line":962,"loc":{"start":{"line":962,"column":19},"end":{"line":963,"column":4}}},"91":{"name":"(anonymous_91)","line":964,"loc":{"start":{"line":964,"column":27},"end":{"line":965,"column":8}}},"92":{"name":"(anonymous_92)","line":972,"loc":{"start":{"line":972,"column":18},"end":{"line":973,"column":12}}},"93":{"name":"(anonymous_93)","line":976,"loc":{"start":{"line":976,"column":18},"end":{"line":977,"column":12}}},"94":{"name":"(anonymous_94)","line":980,"loc":{"start":{"line":980,"column":19},"end":{"line":981,"column":12}}},"95":{"name":"(anonymous_95)","line":993,"loc":{"start":{"line":993,"column":33},"end":{"line":994,"column":4}}},"96":{"name":"(anonymous_96)","line":995,"loc":{"start":{"line":995,"column":27},"end":{"line":996,"column":8}}},"97":{"name":"(anonymous_97)","line":1003,"loc":{"start":{"line":1003,"column":18},"end":{"line":1004,"column":12}}},"98":{"name":"(anonymous_98)","line":1007,"loc":{"start":{"line":1007,"column":18},"end":{"line":1008,"column":12}}},"99":{"name":"(anonymous_99)","line":1011,"loc":{"start":{"line":1011,"column":19},"end":{"line":1012,"column":12}}},"100":{"name":"(anonymous_100)","line":1024,"loc":{"start":{"line":1024,"column":31},"end":{"line":1025,"column":4}}},"101":{"name":"(anonymous_101)","line":1026,"loc":{"start":{"line":1026,"column":27},"end":{"line":1027,"column":8}}},"102":{"name":"(anonymous_102)","line":1034,"loc":{"start":{"line":1034,"column":18},"end":{"line":1035,"column":12}}},"103":{"name":"(anonymous_103)","line":1038,"loc":{"start":{"line":1038,"column":18},"end":{"line":1039,"column":12}}},"104":{"name":"(anonymous_104)","line":1042,"loc":{"start":{"line":1042,"column":19},"end":{"line":1043,"column":12}}},"105":{"name":"(anonymous_105)","line":1056,"loc":{"start":{"line":1056,"column":25},"end":{"line":1057,"column":4}}},"106":{"name":"(anonymous_106)","line":1058,"loc":{"start":{"line":1058,"column":27},"end":{"line":1059,"column":8}}},"107":{"name":"(anonymous_107)","line":1066,"loc":{"start":{"line":1066,"column":18},"end":{"line":1067,"column":12}}},"108":{"name":"(anonymous_108)","line":1070,"loc":{"start":{"line":1070,"column":18},"end":{"line":1071,"column":12}}},"109":{"name":"(anonymous_109)","line":1074,"loc":{"start":{"line":1074,"column":19},"end":{"line":1075,"column":12}}},"110":{"name":"(anonymous_110)","line":1090,"loc":{"start":{"line":1090,"column":26},"end":{"line":1091,"column":4}}},"111":{"name":"(anonymous_111)","line":1092,"loc":{"start":{"line":1092,"column":27},"end":{"line":1093,"column":8}}},"112":{"name":"(anonymous_112)","line":1105,"loc":{"start":{"line":1105,"column":18},"end":{"line":1106,"column":12}}},"113":{"name":"(anonymous_113)","line":1109,"loc":{"start":{"line":1109,"column":18},"end":{"line":1110,"column":12}}},"114":{"name":"(anonymous_114)","line":1113,"loc":{"start":{"line":1113,"column":19},"end":{"line":1114,"column":12}}},"115":{"name":"(anonymous_115)","line":1127,"loc":{"start":{"line":1127,"column":32},"end":{"line":1128,"column":4}}},"116":{"name":"(anonymous_116)","line":1129,"loc":{"start":{"line":1129,"column":27},"end":{"line":1130,"column":8}}},"117":{"name":"(anonymous_117)","line":1143,"loc":{"start":{"line":1143,"column":18},"end":{"line":1144,"column":12}}},"118":{"name":"(anonymous_118)","line":1147,"loc":{"start":{"line":1147,"column":18},"end":{"line":1148,"column":12}}},"119":{"name":"(anonymous_119)","line":1151,"loc":{"start":{"line":1151,"column":19},"end":{"line":1152,"column":12}}},"120":{"name":"(anonymous_120)","line":1168,"loc":{"start":{"line":1168,"column":22},"end":{"line":1169,"column":4}}},"121":{"name":"(anonymous_121)","line":1170,"loc":{"start":{"line":1170,"column":27},"end":{"line":1171,"column":8}}},"122":{"name":"(anonymous_122)","line":1184,"loc":{"start":{"line":1184,"column":18},"end":{"line":1185,"column":12}}},"123":{"name":"(anonymous_123)","line":1188,"loc":{"start":{"line":1188,"column":18},"end":{"line":1189,"column":12}}},"124":{"name":"(anonymous_124)","line":1192,"loc":{"start":{"line":1192,"column":19},"end":{"line":1193,"column":12}}},"125":{"name":"(anonymous_125)","line":1205,"loc":{"start":{"line":1205,"column":22},"end":{"line":1206,"column":4}}},"126":{"name":"(anonymous_126)","line":1207,"loc":{"start":{"line":1207,"column":27},"end":{"line":1208,"column":8}}},"127":{"name":"(anonymous_127)","line":1226,"loc":{"start":{"line":1226,"column":42},"end":{"line":1227,"column":12}}},"128":{"name":"(anonymous_128)","line":1240,"loc":{"start":{"line":1240,"column":22},"end":{"line":1241,"column":16}}},"129":{"name":"(anonymous_129)","line":1244,"loc":{"start":{"line":1244,"column":22},"end":{"line":1245,"column":16}}},"130":{"name":"(anonymous_130)","line":1248,"loc":{"start":{"line":1248,"column":23},"end":{"line":1249,"column":16}}},"131":{"name":"(anonymous_131)","line":1261,"loc":{"start":{"line":1261,"column":19},"end":{"line":1262,"column":4}}},"132":{"name":"(anonymous_132)","line":1263,"loc":{"start":{"line":1263,"column":27},"end":{"line":1264,"column":8}}},"133":{"name":"(anonymous_133)","line":1275,"loc":{"start":{"line":1275,"column":18},"end":{"line":1276,"column":12}}},"134":{"name":"(anonymous_134)","line":1279,"loc":{"start":{"line":1279,"column":18},"end":{"line":1280,"column":12}}},"135":{"name":"(anonymous_135)","line":1283,"loc":{"start":{"line":1283,"column":19},"end":{"line":1284,"column":12}}},"136":{"name":"(anonymous_136)","line":1304,"loc":{"start":{"line":1304,"column":29},"end":{"line":1305,"column":4}}},"137":{"name":"(anonymous_137)","line":1306,"loc":{"start":{"line":1306,"column":27},"end":{"line":1307,"column":8}}},"138":{"name":"(anonymous_138)","line":1322,"loc":{"start":{"line":1322,"column":18},"end":{"line":1323,"column":12}}},"139":{"name":"(anonymous_139)","line":1326,"loc":{"start":{"line":1326,"column":18},"end":{"line":1327,"column":12}}},"140":{"name":"(anonymous_140)","line":1330,"loc":{"start":{"line":1330,"column":19},"end":{"line":1331,"column":12}}},"141":{"name":"(anonymous_141)","line":1345,"loc":{"start":{"line":1345,"column":31},"end":{"line":1345,"column":53}}},"142":{"name":"(anonymous_142)","line":1346,"loc":{"start":{"line":1346,"column":27},"end":{"line":1346,"column":54}}},"143":{"name":"(anonymous_143)","line":1359,"loc":{"start":{"line":1359,"column":22},"end":{"line":1359,"column":38}}},"144":{"name":"(anonymous_144)","line":1362,"loc":{"start":{"line":1362,"column":22},"end":{"line":1362,"column":38}}},"145":{"name":"(anonymous_145)","line":1365,"loc":{"start":{"line":1365,"column":23},"end":{"line":1365,"column":38}}},"146":{"name":"(anonymous_146)","line":1385,"loc":{"start":{"line":1385,"column":27},"end":{"line":1385,"column":49}}},"147":{"name":"(anonymous_147)","line":1396,"loc":{"start":{"line":1396,"column":27},"end":{"line":1396,"column":54}}},"148":{"name":"(anonymous_148)","line":1403,"loc":{"start":{"line":1403,"column":22},"end":{"line":1403,"column":38}}},"149":{"name":"(anonymous_149)","line":1406,"loc":{"start":{"line":1406,"column":22},"end":{"line":1406,"column":38}}},"150":{"name":"(anonymous_150)","line":1409,"loc":{"start":{"line":1409,"column":23},"end":{"line":1409,"column":38}}},"151":{"name":"(anonymous_151)","line":1426,"loc":{"start":{"line":1426,"column":30},"end":{"line":1426,"column":52}}},"152":{"name":"(anonymous_152)","line":1435,"loc":{"start":{"line":1435,"column":27},"end":{"line":1435,"column":54}}},"153":{"name":"(anonymous_153)","line":1442,"loc":{"start":{"line":1442,"column":22},"end":{"line":1442,"column":38}}},"154":{"name":"(anonymous_154)","line":1445,"loc":{"start":{"line":1445,"column":22},"end":{"line":1445,"column":38}}},"155":{"name":"(anonymous_155)","line":1448,"loc":{"start":{"line":1448,"column":23},"end":{"line":1448,"column":38}}},"156":{"name":"(anonymous_156)","line":1464,"loc":{"start":{"line":1464,"column":34},"end":{"line":1464,"column":56}}},"157":{"name":"(anonymous_157)","line":1472,"loc":{"start":{"line":1472,"column":27},"end":{"line":1472,"column":54}}},"158":{"name":"(anonymous_158)","line":1479,"loc":{"start":{"line":1479,"column":22},"end":{"line":1479,"column":38}}},"159":{"name":"(anonymous_159)","line":1482,"loc":{"start":{"line":1482,"column":22},"end":{"line":1482,"column":38}}},"160":{"name":"(anonymous_160)","line":1485,"loc":{"start":{"line":1485,"column":23},"end":{"line":1485,"column":38}}}},"statementMap":{"1":{"start":{"line":2,"column":0},"end":{"line":2,"column":27}},"2":{"start":{"line":3,"column":0},"end":{"line":3,"column":23}},"3":{"start":{"line":4,"column":0},"end":{"line":4,"column":31}},"4":{"start":{"line":5,"column":0},"end":{"line":5,"column":41}},"5":{"start":{"line":6,"column":0},"end":{"line":6,"column":50}},"6":{"start":{"line":7,"column":0},"end":{"line":7,"column":34}},"7":{"start":{"line":9,"column":0},"end":{"line":11,"column":2}},"8":{"start":{"line":10,"column":2},"end":{"line":10,"column":14}},"9":{"start":{"line":30,"column":0},"end":{"line":1497,"column":2}},"10":{"start":{"line":33,"column":4},"end":{"line":33,"column":21}},"11":{"start":{"line":34,"column":4},"end":{"line":52,"column":5}},"12":{"start":{"line":36,"column":8},"end":{"line":43,"column":9}},"13":{"start":{"line":38,"column":12},"end":{"line":38,"column":31}},"14":{"start":{"line":42,"column":12},"end":{"line":42,"column":30}},"15":{"start":{"line":45,"column":8},"end":{"line":49,"column":9}},"16":{"start":{"line":48,"column":12},"end":{"line":48,"column":85}},"17":{"start":{"line":51,"column":8},"end":{"line":51,"column":71}},"18":{"start":{"line":55,"column":4},"end":{"line":55,"column":20}},"19":{"start":{"line":56,"column":4},"end":{"line":56,"column":27}},"20":{"start":{"line":58,"column":4},"end":{"line":60,"column":7}},"21":{"start":{"line":63,"column":4},"end":{"line":69,"column":6}},"22":{"start":{"line":72,"column":4},"end":{"line":72,"column":36}},"23":{"start":{"line":75,"column":4},"end":{"line":78,"column":5}},"24":{"start":{"line":77,"column":8},"end":{"line":77,"column":79}},"25":{"start":{"line":81,"column":4},"end":{"line":81,"column":74}},"26":{"start":{"line":87,"column":4},"end":{"line":104,"column":5}},"27":{"start":{"line":89,"column":8},"end":{"line":103,"column":11}},"28":{"start":{"line":91,"column":12},"end":{"line":102,"column":13}},"29":{"start":{"line":94,"column":16},"end":{"line":97,"column":19}},"30":{"start":{"line":101,"column":16},"end":{"line":101,"column":37}},"31":{"start":{"line":110,"column":4},"end":{"line":171,"column":5}},"32":{"start":{"line":112,"column":8},"end":{"line":170,"column":11}},"33":{"start":{"line":119,"column":12},"end":{"line":159,"column":13}},"34":{"start":{"line":121,"column":16},"end":{"line":121,"column":74}},"35":{"start":{"line":126,"column":16},"end":{"line":158,"column":19}},"36":{"start":{"line":130,"column":20},"end":{"line":130,"column":110}},"37":{"start":{"line":133,"column":20},"end":{"line":133,"column":46}},"38":{"start":{"line":136,"column":20},"end":{"line":138,"column":21}},"39":{"start":{"line":137,"column":24},"end":{"line":137,"column":80}},"40":{"start":{"line":140,"column":20},"end":{"line":142,"column":21}},"41":{"start":{"line":141,"column":24},"end":{"line":141,"column":73}},"42":{"start":{"line":145,"column":20},"end":{"line":148,"column":21}},"43":{"start":{"line":147,"column":24},"end":{"line":147,"column":69}},"44":{"start":{"line":151,"column":20},"end":{"line":154,"column":21}},"45":{"start":{"line":153,"column":24},"end":{"line":153,"column":78}},"46":{"start":{"line":157,"column":20},"end":{"line":157,"column":55}},"47":{"start":{"line":162,"column":12},"end":{"line":162,"column":75}},"48":{"start":{"line":166,"column":12},"end":{"line":166,"column":88}},"49":{"start":{"line":167,"column":12},"end":{"line":167,"column":30}},"50":{"start":{"line":169,"column":12},"end":{"line":169,"column":75}},"51":{"start":{"line":179,"column":4},"end":{"line":201,"column":6}},"52":{"start":{"line":181,"column":8},"end":{"line":200,"column":23}},"53":{"start":{"line":183,"column":12},"end":{"line":199,"column":15}},"54":{"start":{"line":190,"column":16},"end":{"line":190,"column":51}},"55":{"start":{"line":194,"column":16},"end":{"line":194,"column":30}},"56":{"start":{"line":198,"column":16},"end":{"line":198,"column":28}},"57":{"start":{"line":216,"column":4},"end":{"line":248,"column":6}},"58":{"start":{"line":218,"column":8},"end":{"line":218,"column":22}},"59":{"start":{"line":220,"column":8},"end":{"line":220,"column":72}},"60":{"start":{"line":220,"column":42},"end":{"line":220,"column":72}},"61":{"start":{"line":221,"column":8},"end":{"line":221,"column":63}},"62":{"start":{"line":221,"column":39},"end":{"line":221,"column":63}},"63":{"start":{"line":222,"column":8},"end":{"line":222,"column":123}},"64":{"start":{"line":222,"column":59},"end":{"line":222,"column":123}},"65":{"start":{"line":223,"column":8},"end":{"line":223,"column":108}},"66":{"start":{"line":223,"column":54},"end":{"line":223,"column":108}},"67":{"start":{"line":224,"column":8},"end":{"line":224,"column":87}},"68":{"start":{"line":224,"column":47},"end":{"line":224,"column":87}},"69":{"start":{"line":225,"column":8},"end":{"line":225,"column":81}},"70":{"start":{"line":225,"column":45},"end":{"line":225,"column":81}},"71":{"start":{"line":227,"column":8},"end":{"line":247,"column":23}},"72":{"start":{"line":229,"column":12},"end":{"line":246,"column":15}},"73":{"start":{"line":237,"column":16},"end":{"line":237,"column":51}},"74":{"start":{"line":241,"column":16},"end":{"line":241,"column":30}},"75":{"start":{"line":245,"column":16},"end":{"line":245,"column":28}},"76":{"start":{"line":257,"column":4},"end":{"line":286,"column":6}},"77":{"start":{"line":259,"column":8},"end":{"line":285,"column":23}},"78":{"start":{"line":261,"column":12},"end":{"line":261,"column":26}},"79":{"start":{"line":263,"column":12},"end":{"line":263,"column":76}},"80":{"start":{"line":263,"column":46},"end":{"line":263,"column":76}},"81":{"start":{"line":264,"column":12},"end":{"line":264,"column":91}},"82":{"start":{"line":264,"column":51},"end":{"line":264,"column":91}},"83":{"start":{"line":265,"column":12},"end":{"line":265,"column":85}},"84":{"start":{"line":265,"column":49},"end":
[...]
                      is about to receive: typing for text messages, upload_photo for photos,","     *                              record_video or upload_video for videos, record_audio or upload_audio","     *                              for audio files, upload_document for general files, find_location for location data","     */","    this.sendChatAction = function (params, cb)","    {","        return new Promise(function(resolve, reject)","        {","            var args = {","                chat_id: params.chat_id,","                action: params.action","            };","","            _rest({","                method: 'POST',","                json: true,","                formData: args,","                uri: _baseurl + 'sendChatAction'","            })","            .then(function(body)","            {","                return commonResponseHandler(body);","            })","            .then(function(data)","            {","                resolve(data);","            })","            .catch(function(err)","            {","                reject(err);","            });","        }).nodeify(cb);","    };","","    /**","     * METHOD: getUserProfilePhotos","     * PARAMS:","     *      user_id                 Unique identifier of the target user","     *      offset                  Sequential number of the first photo to be returned. By default, all photos are returned","     *      limit                   Limits the number of photos to be retrieved. Values between 1—100 are accepted. Defaults to 100","     */","    this.getUserProfilePhotos = function (params, cb)","    {","        return new Promise(function(resolve, reject)","        {","            var args = {};","","            if (params.user_id !== undefined) args.user_id = params.user_id;","            if (params.offset !== undefined) args.offset = params.offset;","            if (params.limit !== undefined) args.limit = params.limit;","","            _rest({","                method: 'GET',","                json: true,","                formData: args,","                uri: _baseurl + 'getUserProfilePhotos'","            })","            .then(function(body)","            {","                return commonResponseHandler(body);","            })","            .then(function(data)","            {","                resolve(data);","            })","            .catch(function(err)","            {","                reject(err);","            });","        }).nodeify(cb);","    };","","    /**","     * METHOD: getUpdates","     * PARAMS:","     *      offset                  Identifier of the first update to be returned. Must be greater by one than the highest","     *                              among the identifiers of previously received updates. By default, updates starting with","     *                              the earliest unconfirmed update are returned. An update is considered confirmed as soon as","     *                              getUpdates is called with an offset higher than its update_id.","     *      limit                   Limits the number of updates to be retrieved. Values between 1—100 are accepted. Defaults to 100","     *      timeout                 Timeout in seconds for long polling. Defaults to 0, i.e. usual short polling","     */","    this.getUpdates = function (params, cb)","    {","        return new Promise(function(resolve, reject)","        {","            var args = {};","","            if (params.timeout !== undefined) args.timeout = params.timeout;","            if (params.offset !== undefined) args.offset = params.offset;","            if (params.limit !== undefined) args.limit = params.limit;","","            _rest({","                method: 'GET',","                json: true,","                formData: args,","                uri: _baseurl + 'getUpdates'","            })","            .then(function(body)","            {","                return commonResponseHandler(body);","            })","            .then(function(data)","            {","                resolve(data);","            })","            .catch(function(err)","            {","                reject(err);","            });","        }).nodeify(cb);","    };","","    /**","     * METHOD: setWebhook","     * PARAMS:","     *      url                     HTTPS url to send updates to. Use an empty string to remove webhook integration","     *      certificate             Filename of public key certificate (optional)","     */","    this.setWebhook = function (params, cb)","    {","        return new Promise(function(resolve, reject)","        {","            var args = {};","","            if (params.url !== undefined) args.url = params.url;","            if (!params.certificate)","            {","                return _rest({","                    method: 'POST',","                    json: true,","                    formData: args,","                    uri: _baseurl + 'setWebhook'","                })","                .then(commonResponseHandler)","                .then(resolve)","                .catch(reject);","            }","","            // Check existance of certificate","            fs.exists(params.certificate, function (exists)","            {","                if (exists)","                {","                    // params.video is path to file","                    args.certificate = fs.createReadStream(params.certificate);","                }","","                _rest({","                    method: 'POST',","                    json: true,","                    formData: args,","                    uri: _baseurl + 'setWebhook'","                })","                .then(function(body)","                {","                    return commonResponseHandler(body);","                })","                .then(function(data)","                {","                    resolve(data);","                })","                .catch(function(err)","                {","                    reject(err);","                });","            });","        }).nodeify(cb);","    };","","    /**","     * METHOD: getFile","     * PARAMS:","     *      file_id                 File identifier to get info about","     */","    this.getFile = function (params, cb)","    {","        return new Promise(function(resolve, reject)","        {","            var args = {};","","            if (params.file_id !== undefined) args.file_id = params.file_id;","","            _rest({","                method: 'GET',","                json: true,","                formData: args,","                uri: _baseurl + 'getFile'","            })","            .then(function(body)","            {","                return commonResponseHandler(body);","            })","            .then(function(data)","            {","                resolve(data);","            })","            .catch(function(err)","            {","                reject(err);","            });","        }).nodeify(cb);","    };","","    /**","     * METHOD: answerInlineQuery","     * PARAMS:","     *      inline_query_id         Unique identifier for the answered query","     *      results                 Array of results for the inline query (API will serialize it by itself)","     *      cache_time              The maximum amount of time in seconds that the result of the inline","     *                              query may be cached on the server. Defaults to 300.","     *      is_personal             Pass True, if results may be cached on the server side only for the user","     *                              that sent the query. By default, results may be returned to any user","     *                              who sends the same query","     *      next_offset             Pass the offset that a client should send in the next query with","     *                              the same text to receive more results. Pass an empty string if there are","     *                              no more results or if you don‘t support pagination. Offset length can’t exceed 64 bytes.","     */","    this.answerInlineQuery = function (params, cb)","    {","        return new Promise(function(resolve, reject)","        {","            var args = {};","","            if (params.inline_query_id !== undefined) args.inline_query_id = params.inline_query_id;","            if (params.results !== undefined) args.results = JSON.stringify(params.results);","            if (params.cache_time !== undefined) args.cache_time = params.cache_time;","            if (params.is_personal !== undefined) args.is_personal = params.is_personal;","            if (params.next_offset !== undefined) args.next_offset = params.next_offset;","","            _rest({","                method: 'POST',","                json: true,","                formData: args,","                uri: _baseurl + 'answerInlineQuery'","            })","            .then(function(body)","            {","                return commonResponseHandler(body);","            })","            .then(function(data)","            {","                resolve(data);","            })","            .catch(function(err)","            {","                reject(err);","            });","        }).nodeify(cb);","    };","","    /**","     * METHOD: answerCallbackQuery","     * PARAMS:","     *      callback_query_id       Unique identifier for the query to be answered","     *      text                    Text of the notification. If not specified, nothing will be shown to the user","     *      show_alert              If true, an alert will be shown by the client instead of a notificaiton at the","     *                              top of the chat screen. Defaults to false.","     */","    this.answerCallbackQuery = function (params, cb) {","        return new Promise(function (resolve, reject) {","            var args = {};","","            if (params.callback_query_id !== undefined) args.callback_query_id = params.callback_query_id;","            if (params.text !== undefined) args.text = params.text;","            if (params.show_alert !== undefined) args.show_alert = JSON.stringify(params.show_alert);","","            _rest({","                method: 'POST',","                json: true,","                formData: args,","                uri: _baseurl + 'answerCallbackQuery'","            })","                .then(function (body) {","                    return commonResponseHandler(body);","                })","                .then(function (data) {","                    resolve(data);","                })","                .catch(function (err) {","                    reject(err);","                });","        }).nodeify(cb);","    };","","    /**","     * METHOD: editMessageText","     * PARAMS:","     *      chat_id                     Unique identifier for the message recepient — User or GroupChat id","     *      message_id                  Required if inline_message_id is not specified. Unique identifier of the sent message","     *      inline_message_id           Required if chat_id and message_id are not specified. Identifier of the inline message","     *      text                        Text of the message to be sent","     *      parse_mode                  Send Markdown, if you want Telegram apps to show bold, italic and","     *                                  inline URLs in your bot's message","     *      disable_web_page_preview    Disables link previews for links in this message","     *      reply_markup                Additional interface options. A JSON-serialized object","     *                                  for a custom reply keyboard, instructions to hide keyboard","     *                                  or to force a reply from the user.","     */","    this.editMessageText = function (params, cb) {","        var args = {};","","        if (params.chat_id !== undefined) args.chat_id = params.chat_id;","        if (params.message_id !== undefined) args.message_id = params.message_id;","        if (params.inline_message_id !== undefined) args.inline_message_id = params.inline_message_id;","        if (params.text !== undefined) args.text = params.text;","        if (params.parse_mode !== undefined) args.parse_mode = params.parse_mode;","        if (params.disable_web_page_preview !== undefined) args.disable_web_page_preview = params.disable_web_page_preview;","        if (params.reply_markup !== undefined) args.reply_markup = params.reply_markup;","","        return new Promise(function (resolve, reject) {","            _rest({","                method: 'POST',","                json: true,","                formData: args,","                uri: _baseurl + 'editMessageText'","            })","                .then(function (body) {","                    return commonResponseHandler(body);","                })","                .then(function (data) {","                    resolve(data);","                })","                .catch(function (err) {","                    reject(err);","                });","        }).nodeify(cb);","    };","","    /**","     * METHOD: editMessageCaption","     * PARAMS:","     *      chat_id                     Unique identifier for the message recepient — User or GroupChat id","     *      message_id                  Required if inline_message_id is not specified. Unique identifier of the sent message","     *      inline_message_id           Required if chat_id and message_id are not specified. Identifier of the inline message","     *      caption                     New caption of the message","     *      reply_markup                Additional interface options. A JSON-serialized object","     *                                  for a custom reply keyboard, instructions to hide keyboard","     *                                  or to force a reply from the user.","     */","    this.editMessageCaption = function (params, cb) {","        var args = {};","","        if (params.chat_id !== undefined) args.chat_id = params.chat_id;","        if (params.message_id !== undefined) args.message_id = params.message_id;","        if (params.inline_message_id !== undefined) args.inline_message_id = params.inline_message_id;","        if (params.caption !== undefined) args.caption = params.caption;","        if (params.reply_markup !== undefined) args.reply_markup = params.reply_markup;","","        return new Promise(function (resolve, reject) {","            _rest({","                method: 'POST',","                json: true,","                formData: args,","                uri: _baseurl + 'editMessageCaption'","            })","                .then(function (body) {","                    return commonResponseHandler(body);","                })","                .then(function (data) {","                    resolve(data);","                })","                .catch(function (err) {","                    reject(err);","                });","        }).nodeify(cb);","    };","","    /**","     * METHOD: editMessageReplyMarkup","     * PARAMS:","     *      chat_id                     Unique identifier for the message recepient — User or GroupChat id","     *      message_id                  Required if inline_message_id is not specified. Unique identifier of the sent message","     *      inline_message_id           Required if chat_id and message_id are not specified. Identifier of the inline message","     *      reply_markup                Additional interface options. A JSON-serialized object","     *                                  for a custom reply keyboard, instructions to hide keyboard","     *                                  or to force a reply from the user.","     */","    this.editMessageReplyMarkup = function (params, cb) {","        var args = {};","","        if (params.chat_id !== undefined) args.chat_id = params.chat_id;","        if (params.message_id !== undefined) args.message_id = params.message_id;","        if (params.inline_message_id !== undefined) args.inline_message_id = params.inline_message_id;","        if (params.reply_markup !== undefined) args.reply_markup = params.reply_markup;","","        return new Promise(function (resolve, reject) {","            _rest({","                method: 'POST',","                json: true,","                formData: args,","                uri: _baseurl + 'editMessageReplyMarkup'","            })","                .then(function (body) {","                    return commonResponseHandler(body);","                })","                .then(function (data) {","                    resolve(data);","                })","                .catch(function (err) {","                    reject(err);","                });","        }).nodeify(cb);","    };","","","    // Start updates retrieving loop","    if (_settings.updates.enabled)","    {","        internalGetUpdates();","    }","};","","util.inherits(TelegramApi, EventEmitter);","module.exports = TelegramApi;",""],"l":{"2":1,"3":1,"4":1,"5":1,"6":1,"7":1,"9":1,"10":0,"30":1,"33":0,"34":0,"36":0,"38":0,"42":0,"45":0,"48":0,"51":0,"55":0,"56":0,"58":0,"63":0,"72":0,"75":0,"77":0,"81":0,"87":1,"89":0,"91":0,"94":0,"101":0,"110":1,"112":0,"119":0,"121":0,"126":0,"130":0,"133":0,"136":0,"137":0,"140":0,"141":0,"145":0,"147":0,"151":0,"153":0,"157":0,"162":0,"166":0,"167":0,"169":0,"179":0,"181":0,"183":0,"190":0,"194":0,"198":0,"216":0,"218":0,"220":0,"221":0,"222":0,"223":0,"224":0,"225":0,"227":0,"229":0,"237":0,"241":0,"245":0,"257":0,"259":0,"261":0,"263":0,"264":0,"265":0,"267":0,"275":0,"279":0,"283":0,"300":0,"302":0,"305":0,"307":0,"308":0,"311":0,"316":0,"319":0,"324":0,"326":0,"329":0,"331":0,"334":0,"336":0,"339":0,"347":0,"351":0,"355":0,"375":0,"377":0,"380":0,"382":0,"383":0,"386":0,"391":0,"394":0,"399":0,"401":0,"404":0,"406":0,"409":0,"411":0,"414":0,"416":0,"419":0,"421":0,"424":0,"432":0,"436":0,"440":0,"458":0,"460":0,"463":0,"465":0,"466":0,"469":0,"474":0,"477":0,"482":0,"484":0,"487":0,"489":0,"492":0,"494":0,"497":0,"505":0,"509":0,"513":0,"530":0,"532":0,"535":0,"537":0,"538":0,"541":0,"546":0,"549":0,"554":0,"556":0,"559":0,"561":0,"564":0,"572":0,"576":0,"580":0,"597":0,"599":0,"602":0,"604":0,"605":0,"608":0,"613":0,"616":0,"621":0,"623":0,"626":0,"628":0,"631":0,"639":0,"643":0,"647":0,"666":0,"668":0,"671":0,"673":0,"674":0,"677":0,"682":0,"685":0,"690":0,"692":0,"695":0,"697":0,"700":0,"702":0,"705":0,"707":0,"710":0,"718":0,"722":0,"726":0,"742":0,"744":0,"746":0,"752":0,"754":0,"757":0,"759":0,"762":0,"770":0,"774":0,"778":0,"798":0,"800":0,"802":0,"810":0,"814":0,"818":0,"836":0,"838":0,"840":0,"848":0,"852":0,"856":0,"868":0,"870":0,"872":0,"880":0,"884":0,"888":0,"900":0,"902":0,"904":0,"912":0,"916":0,"920":0,"931":0,"933":0,"935":0,"943":0,"947":0,"951":0,"962":0,"964":0,"966":0,"974":0,"978":0,"982":0,"993":0,"995":0,"997":0,"1005":0,"1009":0,"1013":0,"1024":0,"1026":0,"1028":0,"1036":0,"1040":0,"1044":0,"1056":0,"1058":0,"1060":0,"1068":0,"1072":0,"1076":0,"1090":0,"1092":0,"1094":0,"1099":0,"1107":0,"1111":0,"1115":0,"1127":0,"1129":0,"1131":0,"1133":0,"1134":0,"1135":0,"1137":0,"1145":0,"1149":0,"1153":0,"1168":0,"1170":0,"1172":0,"1174":0,"1175":0,"1176":0,"1178":0,"1186":0,"1190":0,"1194":0,"1205":0,"1207":0,"1209":0,"1211":0,"1212":0,"1214":0,"1226":0,"1228":0,"1231":0,"1234":0,"1242":0,"1246":0,"1250":0,"1261":0,"1263":0,"1265":0,"1267":0,"1269":0,"1277":0,"1281":0,"1285":0,"1304":0,"1306":0,"1308":0,"1310":0,"1311":0,"1312":0,"1313":0,"1314":0,"1316":0,"1324":0,"1328":0,"1332":0,"1345":0,"1346":0,"1347":0,"1349":0,"1350":0,"1351":0,"1353":0,"1360":0,"1363":0,"1366":0,"1385":0,"1386":0,"1388":0,"1389":0,"1390":0,"1391":0,"1392":0,"1393":0,"1394":0,"1396":0,"1397":0,"1404":0,"1407":0,"1410":0,"1426":0,"1427":0,"1429":0,"1430":0,"1431":0,"1432":0,"1433":0,"1435":0,"1436":0,"1443":0,"1446":0,"1449":0,"1464":0,"1465":0,"1467":0,"1468":0,"1469":0,"1470":0,"1472":0,"1473":0,"1480":0,"1483":0,"1486":0,"1493":0,"1495":0,"1499":1,"1500":1}}}